<?xml version="1.0" encoding="UTF-8"?>
<testsuites name="TT-238_TestSuite" time="205.696" tests="1" failures="1" errors="0">
   <testsuite name="TT-238_TestSuite" tests="1" failures="1" errors="0" time="205.696" timestamp="2020-09-28 07:10:06" hostname="Aaron-PC - host.docker.internal" id="Test Suites/V2/Tests/TT-238 - VTO/Positive/TT-238_TestSuite">
      <properties>
         <property name="deviceName" value=""/>
         <property name="devicePlatform" value=""/>
         <property name="logFolder" value="C:\\Users\\Aaron-PC\\git\\TractionTools\\Reports\\20200928_071005\\V2\\Tests\\TT-238 - VTO\\Positive\\TT-238_TestSuite\\20200928_071005"/>
         <property name="logFiles" value="C:\\Users\\Aaron-PC\\git\\TractionTools\\Reports\\20200928_071005\\V2\\Tests\\TT-238 - VTO\\Positive\\TT-238_TestSuite\\20200928_071005\\execution0.log"/>
         <property name="attachments" value=""/>
         <property name="hostName" value="Aaron-PC - host.docker.internal"/>
         <property name="os" value="Windows 10 64bit"/>
         <property name="katalonVersion" value="7.6.6.205"/>
         <property name="browser" value="Chrome 85.0.4183.121"/>
         <property name="hostAddress" value="192.168.1.48"/>
         <property name="sessionId" value="f252a2757990f19751f2b7959bf9b292"/>
         <property name="seleniumVersion" value="3.141.59"/>
         <property name="proxyInformation" value="ProxyInformation { proxyOption=NO_PROXY, proxyServerType=HTTP, username=, password=********, proxyServerAddress=, proxyServerPort=0, executionList=&quot;&quot;, isApplyToDesiredCapabilities=true }"/>
         <property name="platform" value="Windows 10"/>
      </properties>
      <testcase name="Test Cases/V2/Test Case/Tests/TT-238 - VTO/Test Cases/Positive/TT_369_1_CreateScorecard_AllTestCase" time="204.424" classname="Test Cases/V2/Test Case/Tests/TT-238 - VTO/Test Cases/Positive/TT_369_1_CreateScorecard_AllTestCase" status="FAILED">
         <failure type="FAILED" message="Test Cases/V2/Test Case/Tests/TT-238 - VTO/Test Cases/Positive/TT_369_1_CreateScorecard_AllTestCase FAILED.
Reason:
com.kms.katalon.core.exception.StepFailedException: Call Test Case 'Test Cases/V2/Test Case/Tests/TT-238 - VTO/Test Cases/Positive/Employee/TT_238_1_InputCompanyName_Employee' failed
	at com.kms.katalon.core.keyword.builtin.CallTestCaseKeyword$_callTestCase_closure1.doCall(CallTestCaseKeyword.groovy:63)
	at com.kms.katalon.core.keyword.builtin.CallTestCaseKeyword$_callTestCase_closure1.call(CallTestCaseKeyword.groovy)
	at com.kms.katalon.core.keyword.internal.KeywordMain.runKeyword(KeywordMain.groovy:68)
	at com.kms.katalon.core.keyword.builtin.CallTestCaseKeyword.callTestCase(CallTestCaseKeyword.groovy:81)
	at com.kms.katalon.core.keyword.builtin.CallTestCaseKeyword.execute(CallTestCaseKeyword.groovy:44)
	at com.kms.katalon.core.keyword.internal.KeywordExecutor.executeKeywordForPlatform(KeywordExecutor.groovy:73)
	at com.kms.katalon.core.keyword.BuiltinKeywords.callTestCase(BuiltinKeywords.groovy:334)
	at TT_369_1_CreateScorecard_AllTestCase.run(TT_369_1_CreateScorecard_AllTestCase:114)
	at com.kms.katalon.core.main.ScriptEngine.run(ScriptEngine.java:194)
	at com.kms.katalon.core.main.ScriptEngine.runScriptAsRawText(ScriptEngine.java:119)
	at com.kms.katalon.core.main.TestCaseExecutor.runScript(TestCaseExecutor.java:339)
	at com.kms.katalon.core.main.TestCaseExecutor.doExecute(TestCaseExecutor.java:330)
	at com.kms.katalon.core.main.TestCaseExecutor.processExecutionPhase(TestCaseExecutor.java:309)
	at com.kms.katalon.core.main.TestCaseExecutor.accessMainPhase(TestCaseExecutor.java:301)
	at com.kms.katalon.core.main.TestCaseExecutor.execute(TestCaseExecutor.java:235)
	at com.kms.katalon.core.main.TestSuiteExecutor.accessTestCaseMainPhase(TestSuiteExecutor.java:191)
	at com.kms.katalon.core.main.TestSuiteExecutor.accessTestSuiteMainPhase(TestSuiteExecutor.java:141)
	at com.kms.katalon.core.main.TestSuiteExecutor.execute(TestSuiteExecutor.java:90)
	at com.kms.katalon.core.main.TestCaseMain.startTestSuite(TestCaseMain.java:157)
	at com.kms.katalon.core.main.TestCaseMain$startTestSuite$0.call(Unknown Source)
	at TempTestSuite1601248205529.run(TempTestSuite1601248205529.groovy:39)
Caused by: com.kms.katalon.core.exception.StepFailedException: Text did not match. 
 Actual: vtoInput__control
 Expected: disabled
	at com.kms.katalon.core.util.KeywordUtil.markFailed(KeywordUtil.java:19)
	at com.kms.katalon.core.util.KeywordUtil$markFailed$1.call(Unknown Source)
	at tt_CustomKeywords.CustomKeywords.VerifyTextContains(CustomKeywords.groovy:58)
	at tt_CustomKeywords.CustomKeywords.invokeMethod(CustomKeywords.groovy)
	at com.kms.katalon.core.main.CustomKeywordDelegatingMetaClass.invokeStaticMethod(CustomKeywordDelegatingMetaClass.java:50)
	at TT_238_1_InputCompanyName_Employee.run(TT_238_1_InputCompanyName_Employee:28)
	at com.kms.katalon.core.main.ScriptEngine.run(ScriptEngine.java:194)
	at com.kms.katalon.core.main.ScriptEngine.runScriptAsRawText(ScriptEngine.java:119)
	at com.kms.katalon.core.main.TestCaseExecutor.runScript(TestCaseExecutor.java:339)
	at com.kms.katalon.core.main.TestCaseExecutor.doExecute(TestCaseExecutor.java:330)
	at com.kms.katalon.core.main.TestCaseExecutor.processExecutionPhase(TestCaseExecutor.java:309)
	at com.kms.katalon.core.main.TestCaseExecutor.accessMainPhase(TestCaseExecutor.java:301)
	at com.kms.katalon.core.main.TestCaseExecutor.execute(TestCaseExecutor.java:235)
	at com.kms.katalon.core.main.TestCaseMain.runTestCase(TestCaseMain.java:114)
	at com.kms.katalon.core.keyword.builtin.CallTestCaseKeyword$_callTestCase_closure1.doCall(CallTestCaseKeyword.groovy:59)
	... 20 more
"/>
         <system-out><![CDATA[2020-09-28 07:10:07 - [TEST_CASE][FAILED] - Test Cases/V2/Test Case/Tests/TT-238 - VTO/Test Cases/Positive/TT_369_1_CreateScorecard_AllTestCase: Test Cases/V2/Test Case/Tests/TT-238 - VTO/Test Cases/Positive/TT_369_1_CreateScorecard_AllTestCase FAILED.
Reason:
com.kms.katalon.core.exception.StepFailedException: Call Test Case 'Test Cases/V2/Test Case/Tests/TT-238 - VTO/Test Cases/Positive/Employee/TT_238_1_InputCompanyName_Employee' failed
	at com.kms.katalon.core.keyword.builtin.CallTestCaseKeyword$_callTestCase_closure1.doCall(CallTestCaseKeyword.groovy:63)
	at com.kms.katalon.core.keyword.builtin.CallTestCaseKeyword$_callTestCase_closure1.call(CallTestCaseKeyword.groovy)
	at com.kms.katalon.core.keyword.internal.KeywordMain.runKeyword(KeywordMain.groovy:68)
	at com.kms.katalon.core.keyword.builtin.CallTestCaseKeyword.callTestCase(CallTestCaseKeyword.groovy:81)
	at com.kms.katalon.core.keyword.builtin.CallTestCaseKeyword.execute(CallTestCaseKeyword.groovy:44)
	at com.kms.katalon.core.keyword.internal.KeywordExecutor.executeKeywordForPlatform(KeywordExecutor.groovy:73)
	at com.kms.katalon.core.keyword.BuiltinKeywords.callTestCase(BuiltinKeywords.groovy:334)
	at TT_369_1_CreateScorecard_AllTestCase.run(TT_369_1_CreateScorecard_AllTestCase:114)
	at com.kms.katalon.core.main.ScriptEngine.run(ScriptEngine.java:194)
	at com.kms.katalon.core.main.ScriptEngine.runScriptAsRawText(ScriptEngine.java:119)
	at com.kms.katalon.core.main.TestCaseExecutor.runScript(TestCaseExecutor.java:339)
	at com.kms.katalon.core.main.TestCaseExecutor.doExecute(TestCaseExecutor.java:330)
	at com.kms.katalon.core.main.TestCaseExecutor.processExecutionPhase(TestCaseExecutor.java:309)
	at com.kms.katalon.core.main.TestCaseExecutor.accessMainPhase(TestCaseExecutor.java:301)
	at com.kms.katalon.core.main.TestCaseExecutor.execute(TestCaseExecutor.java:235)
	at com.kms.katalon.core.main.TestSuiteExecutor.accessTestCaseMainPhase(TestSuiteExecutor.java:191)
	at com.kms.katalon.core.main.TestSuiteExecutor.accessTestSuiteMainPhase(TestSuiteExecutor.java:141)
	at com.kms.katalon.core.main.TestSuiteExecutor.execute(TestSuiteExecutor.java:90)
	at com.kms.katalon.core.main.TestCaseMain.startTestSuite(TestCaseMain.java:157)
	at com.kms.katalon.core.main.TestCaseMain$startTestSuite$0.call(Unknown Source)
	at TempTestSuite1601248205529.run(TempTestSuite1601248205529.groovy:39)
Caused by: com.kms.katalon.core.exception.StepFailedException: Text did not match. 
 Actual: vtoInput__control
 Expected: disabled
	at com.kms.katalon.core.util.KeywordUtil.markFailed(KeywordUtil.java:19)
	at com.kms.katalon.core.util.KeywordUtil$markFailed$1.call(Unknown Source)
	at tt_CustomKeywords.CustomKeywords.VerifyTextContains(CustomKeywords.groovy:58)
	at tt_CustomKeywords.CustomKeywords.invokeMethod(CustomKeywords.groovy)
	at com.kms.katalon.core.main.CustomKeywordDelegatingMetaClass.invokeStaticMethod(CustomKeywordDelegatingMetaClass.java:50)
	at TT_238_1_InputCompanyName_Employee.run(TT_238_1_InputCompanyName_Employee:28)
	at com.kms.katalon.core.main.ScriptEngine.run(ScriptEngine.java:194)
	at com.kms.katalon.core.main.ScriptEngine.runScriptAsRawText(ScriptEngine.java:119)
	at com.kms.katalon.core.main.TestCaseExecutor.runScript(TestCaseExecutor.java:339)
	at com.kms.katalon.core.main.TestCaseExecutor.doExecute(TestCaseExecutor.java:330)
	at com.kms.katalon.core.main.TestCaseExecutor.processExecutionPhase(TestCaseExecutor.java:309)
	at com.kms.katalon.core.main.TestCaseExecutor.accessMainPhase(TestCaseExecutor.java:301)
	at com.kms.katalon.core.main.TestCaseExecutor.execute(TestCaseExecutor.java:235)
	at com.kms.katalon.core.main.TestCaseMain.runTestCase(TestCaseMain.java:114)
	at com.kms.katalon.core.keyword.builtin.CallTestCaseKeyword$_callTestCase_closure1.doCall(CallTestCaseKeyword.groovy:59)
	... 20 more


2020-09-28 07:10:07 - [TEST_STEP][PASSED] - callTestCase(findTestCase("V2/Test Case/Pre-conditions/PRE_RegisterAndActivateTTUsers"), ["admin_fname":admin_fname, "lastname":lastname, "phonenumber":"9999999999", "company":"Traction Tools", "password":password, ... ], STOP_ON_FAILURE): Call Test Case 'Test Cases/V2/Test Case/Pre-conditions/PRE_RegisterAndActivateTTUsers' successfully

2020-09-28 07:10:07 - [TEST_CASE][PASSED] - Test Cases/V2/Test Case/Pre-conditions/PRE_RegisterAndActivateTTUsers: Test Cases/V2/Test Case/Pre-conditions/PRE_RegisterAndActivateTTUsers

2020-09-28 07:10:07 - [TEST_STEP][PASSED] - email = tt_CustomKeywords.CustomKeywords.GenerateRandomEmailAddress(admin_email_prefix, admin_email_domain, randomTextLength): Successfully generated a random email: tractiontools.user001+ta523lqu@gmail.com

2020-09-28 07:10:07 - [MESSAGE][PASSED] - Successfully generated a random email: tractiontools.user001+ta523lqu@gmail.com

2020-09-28 07:10:07 - [TEST_STEP][PASSED] - supervisor_email = tt_CustomKeywords.CustomKeywords.GenerateRandomEmailAddress(supervisor_email_prefix, supervisor_email_domain, randomTextLength): Successfully generated a random email: tractiontools.user001+ts5ql14n@gmail.com

2020-09-28 07:10:07 - [MESSAGE][PASSED] - Successfully generated a random email: tractiontools.user001+ts5ql14n@gmail.com

2020-09-28 07:10:07 - [TEST_STEP][PASSED] - employee_email = tt_CustomKeywords.CustomKeywords.GenerateRandomEmailAddress(employee_email_prefix, employee_email_domain, randomTextLength): Successfully generated a random email: tractiontools.user001+te5a4c7j@gmail.com

2020-09-28 07:10:07 - [MESSAGE][PASSED] - Successfully generated a random email: tractiontools.user001+te5a4c7j@gmail.com

2020-09-28 07:10:07 - [TEST_STEP][PASSED] - adminDetails = tt_CustomKeywords.CustomKeywords.RegisterUserViaAPIAndGenerateActivateURL(email, admin_fname, lastname, phonenumber, company, "__JSON__{\"howDidYouHearAboutUs\":\"Facebook\",\"implementer\":\"\",\"existingTractionToolsClient\":\"\",\"other\":\"\"}", "__JSON__{\"timeZone\":\"America/Guatemala\",\"brandColor\":\"#023047\",\"q1Start\":null,\"q1End\":null,\"q2Start\":null,\"q2End\":null,\"q3Start\":null,\"q3End\":null,\"q4Start\":null,\"q4End\":null,\"quarterDatesSetsRocks\":false,\"exportUsers\":false,\"exportRocks\":false,\"exportRocksIncludesMilestones\":false,\"exportScorecards\":false,\"exportTodos\":false,\"exportTodosIncludesNotes\":false,\"exportPeopleHeadlines\":false,\"exportPeopleHeadlinesIncludesNotes\":false,\"exportIssues\":false,\"exportIssuesIncludesNotes\":false,\"exportContextAwareTodos\":false,\"dateFormat\":\"MM/DD/YYYY\",\"timeFormat\":\"h:mma\",\"numberFormat\":\"-1,000.99\",\"supervisorsArchiveRestoreUsers\":false,\"supervisorsEditPositions\":false,\"milestonesAvailableToAll\":false,\"customMeetingTemplatesEnabled\":false,\"receiveTodoReminders\":false,\"todoReminderTime\":\"13:00\",\"todoReminderTimeZone\":\"America/Guatemala\",\"todoReminderFrequency\":\"DAILY\",\"vtoMeetingId\":\"\",\"vtoDisplayMode\":\"ALL\",\"coreValues\":[{\"id\":\"1\",\"text\":\"\"},{\"id\":\"2\",\"text\":\"\"},{\"id\":\"3\",\"text\":\"\"}]}", password, V2Url): SUCCESFFULLY registered a new user via API. 
 Generated Activation Link: 
https://meetingmaster.dev02.tt-devs.com/activate?activationKey=869ffa07-ea22-48bf-b888-38029e19bbbc&userId=aaba68ea-5303-0f6a-77d2-8c24b77ee048&orgId=36ba68ea-515a-c4e0-34dc-31a3e468bdd6&email=tractiontools.user001+ta523lqu@gmail.com&teamsId=d4ba68ea-51a2-f274-6d14-3fd4b3b8722c&meetingsId=80ba68ea-518f-e69b-547c-a8a0bedf8b2f&adminsId=caba68ea-53ac-6095-bd11-77929f242254&usersId=f6ba68ea-51b5-379c-6d7c-f9e07e56430d&supervisorsId=b8ba68ea-517d-5fac-c022-5fb13351a80b&accountabilityChartId=e8ba68ea-51c9-3a56-941e-524bc0166032&isCreator=1

2020-09-28 07:10:10 - [MESSAGE][PASSED] - SUCCESFFULLY registered a new user via API. 
 Generated Activation Link: 
https://meetingmaster.dev02.tt-devs.com/activate?activationKey=869ffa07-ea22-48bf-b888-38029e19bbbc&userId=aaba68ea-5303-0f6a-77d2-8c24b77ee048&orgId=36ba68ea-515a-c4e0-34dc-31a3e468bdd6&email=tractiontools.user001+ta523lqu@gmail.com&teamsId=d4ba68ea-51a2-f274-6d14-3fd4b3b8722c&meetingsId=80ba68ea-518f-e69b-547c-a8a0bedf8b2f&adminsId=caba68ea-53ac-6095-bd11-77929f242254&usersId=f6ba68ea-51b5-379c-6d7c-f9e07e56430d&supervisorsId=b8ba68ea-517d-5fac-c022-5fb13351a80b&accountabilityChartId=e8ba68ea-51c9-3a56-941e-524bc0166032&isCreator=1

2020-09-28 07:10:10 - [TEST_STEP][PASSED] - activationURL = adminDetails[0]: null

2020-09-28 07:10:10 - [TEST_STEP][PASSED] - orgID = adminDetails[1]: null

2020-09-28 07:10:10 - [TEST_STEP][PASSED] - out.println("URL: " + activationURL): null

2020-09-28 07:10:10 - [TEST_STEP][PASSED] - out.println("orgID: " + orgID): null

2020-09-28 07:10:10 - [TEST_STEP][PASSED] - supervisorUser_name = supervisor_fname + " " + lastname: null

2020-09-28 07:10:10 - [TEST_STEP][PASSED] - openBrowser(""): Browser is opened with url: ''

2020-09-28 07:10:10 - [MESSAGE][INFO] - Starting 'Chrome' driver

2020-09-28 07:10:10 - [MESSAGE][INFO] - Action delay is set to 0 milliseconds

2020-09-28 07:10:14 - [MESSAGE][PASSED] - Browser is opened with url: ''

2020-09-28 07:10:14 - [TEST_STEP][PASSED] - maximizeWindow(): Current window maximized

2020-09-28 07:10:16 - [MESSAGE][PASSED] - Current window maximized

2020-09-28 07:10:16 - [TEST_STEP][PASSED] - callTestCase(findTestCase("V2/Test Case/Pre-conditions/PRE_ActivateNewUser"), ["activationURL":activationURL, "email":email, "password":password], STOP_ON_FAILURE): Call Test Case 'Test Cases/V2/Test Case/Pre-conditions/PRE_ActivateNewUser' successfully

2020-09-28 07:10:16 - [TEST_CASE][PASSED] - Test Cases/V2/Test Case/Pre-conditions/PRE_ActivateNewUser: Test Cases/V2/Test Case/Pre-conditions/PRE_ActivateNewUser

2020-09-28 07:10:16 - [TEST_STEP][PASSED] - navigateToUrl(activationURL): Navigate to 'https://meetingmaster.dev02.tt-devs.com/activate?activationKey=869ffa07-ea22-48bf-b888-38029e19bbbc&userId=aaba68ea-5303-0f6a-77d2-8c24b77ee048&orgId=36ba68ea-515a-c4e0-34dc-31a3e468bdd6&email=tractiontools.user001+ta523lqu@gmail.com&teamsId=d4ba68ea-51a2-f274-6d14-3fd4b3b8722c&meetingsId=80ba68ea-518f-e69b-547c-a8a0bedf8b2f&adminsId=caba68ea-53ac-6095-bd11-77929f242254&usersId=f6ba68ea-51b5-379c-6d7c-f9e07e56430d&supervisorsId=b8ba68ea-517d-5fac-c022-5fb13351a80b&accountabilityChartId=e8ba68ea-51c9-3a56-941e-524bc0166032&isCreator=1' successfully

2020-09-28 07:10:17 - [MESSAGE][PASSED] - Navigate to 'https://meetingmaster.dev02.tt-devs.com/activate?activationKey=869ffa07-ea22-48bf-b888-38029e19bbbc&userId=aaba68ea-5303-0f6a-77d2-8c24b77ee048&orgId=36ba68ea-515a-c4e0-34dc-31a3e468bdd6&email=tractiontools.user001+ta523lqu@gmail.com&teamsId=d4ba68ea-51a2-f274-6d14-3fd4b3b8722c&meetingsId=80ba68ea-518f-e69b-547c-a8a0bedf8b2f&adminsId=caba68ea-53ac-6095-bd11-77929f242254&usersId=f6ba68ea-51b5-379c-6d7c-f9e07e56430d&supervisorsId=b8ba68ea-517d-5fac-c022-5fb13351a80b&accountabilityChartId=e8ba68ea-51c9-3a56-941e-524bc0166032&isCreator=1' successfully

2020-09-28 07:10:17 - [TEST_STEP][PASSED] - waitForElementVisible(findTestObject("V2/Commons/ActivationPage/input_Email_email"), DefaultTimeout): Object 'Object Repository/V2/Commons/ActivationPage/input_Email_email' is visible

2020-09-28 07:10:26 - [MESSAGE][PASSED] - Object 'Object Repository/V2/Commons/ActivationPage/input_Email_email' is visible

2020-09-28 07:10:26 - [TEST_STEP][PASSED] - actual_email = getAttribute(findTestObject("Object Repository/V2/Commons/ActivationPage/input_Email_email"), "value"): Attribute 'value' of object 'Object Repository/V2/Commons/ActivationPage/input_Email_email' is: 'tractiontools.user001+ta523lqu@gmail.com'

2020-09-28 07:10:26 - [MESSAGE][PASSED] - Attribute 'value' of object 'Object Repository/V2/Commons/ActivationPage/input_Email_email' is: 'tractiontools.user001+ta523lqu@gmail.com'

2020-09-28 07:10:26 - [TEST_STEP][PASSED] - verifyMatch(actual_email, email, false): Actual text 'tractiontools.user001+ta523lqu@gmail.com' and expected text 'tractiontools.user001+ta523lqu@gmail.com' are matched 

2020-09-28 07:10:26 - [MESSAGE][PASSED] - Actual text 'tractiontools.user001+ta523lqu@gmail.com' and expected text 'tractiontools.user001+ta523lqu@gmail.com' are matched 

2020-09-28 07:10:26 - [TEST_STEP][PASSED] - setText(findTestObject("V2/Commons/ActivationPage/input_password"), password): Text 'Qwer123!' is set on object 'Object Repository/V2/Commons/ActivationPage/input_password'

2020-09-28 07:10:27 - [MESSAGE][PASSED] - Text 'Qwer123!' is set on object 'Object Repository/V2/Commons/ActivationPage/input_password'

2020-09-28 07:10:27 - [TEST_STEP][PASSED] - setText(findTestObject("Object Repository/V2/Commons/ActivationPage/input__passwordRepeat"), password): Text 'Qwer123!' is set on object 'Object Repository/V2/Commons/ActivationPage/input__passwordRepeat'

2020-09-28 07:10:28 - [MESSAGE][PASSED] - Text 'Qwer123!' is set on object 'Object Repository/V2/Commons/ActivationPage/input__passwordRepeat'

2020-09-28 07:10:28 - [TEST_STEP][PASSED] - click(findTestObject("V2/Commons/ActivationPage/input_termsandconditions")): Object: 'Object Repository/V2/Commons/ActivationPage/input_termsandconditions' is clicked on

2020-09-28 07:10:28 - [MESSAGE][PASSED] - Object: 'Object Repository/V2/Commons/ActivationPage/input_termsandconditions' is clicked on

2020-09-28 07:10:28 - [TEST_STEP][PASSED] - click(findTestObject("Object Repository/V2/Commons/ActivationPage/div_Create account")): Object: 'Object Repository/V2/Commons/ActivationPage/div_Create account' is clicked on

2020-09-28 07:10:29 - [MESSAGE][PASSED] - Object: 'Object Repository/V2/Commons/ActivationPage/div_Create account' is clicked on

2020-09-28 07:10:29 - [TEST_STEP][PASSED] - waitForElementPresent(findTestObject("V2/Commons/DasboardPage_SidebarMenu/img_Home_logo-big"), DefaultTimeout): Object 'Object Repository/V2/Commons/DasboardPage_SidebarMenu/img_Home_logo-big' is present

2020-09-28 07:10:34 - [MESSAGE][PASSED] - Object 'Object Repository/V2/Commons/DasboardPage_SidebarMenu/img_Home_logo-big' is present

2020-09-28 07:10:34 - [TEST_STEP][PASSED] - verifyElementPresent(findTestObject("V2/Commons/DasboardPage_SidebarMenu/img_Home_logo-big"), 0): Object 'Object Repository/V2/Commons/DasboardPage_SidebarMenu/img_Home_logo-big' is present

2020-09-28 07:10:34 - [MESSAGE][WARNING] - Timeout '0' is invalid. Using default page load timeout: '30'

2020-09-28 07:10:35 - [MESSAGE][PASSED] - Object 'Object Repository/V2/Commons/DasboardPage_SidebarMenu/img_Home_logo-big' is present

2020-09-28 07:10:35 - [MESSAGE][PASSED] - Call Test Case 'Test Cases/V2/Test Case/Pre-conditions/PRE_ActivateNewUser' successfully

2020-09-28 07:10:35 - [TEST_STEP][PASSED] - callTestCase(findTestCase("V2/Test Case/Pre-conditions/PRE_SkipCompanyAndPersonalProfileSetup"), [:], STOP_ON_FAILURE): Call Test Case 'Test Cases/V2/Test Case/Pre-conditions/PRE_SkipCompanyAndPersonalProfileSetup' successfully

2020-09-28 07:10:35 - [TEST_CASE][PASSED] - Test Cases/V2/Test Case/Pre-conditions/PRE_SkipCompanyAndPersonalProfileSetup: Test Cases/V2/Test Case/Pre-conditions/PRE_SkipCompanyAndPersonalProfileSetup

2020-09-28 07:10:35 - [TEST_STEP][PASSED] - waitForElementVisible(findTestObject("V2/Commons/FirstUpdateCompanyAndPersonalInfoModal/confirmCompanyInfoHeader_h1"), DefaultTimeout): Object 'Object Repository/V2/Commons/FirstUpdateCompanyAndPersonalInfoModal/confirmCompanyInfoHeader_h1' is visible

2020-09-28 07:10:35 - [MESSAGE][PASSED] - Object 'Object Repository/V2/Commons/FirstUpdateCompanyAndPersonalInfoModal/confirmCompanyInfoHeader_h1' is visible

2020-09-28 07:10:35 - [TEST_STEP][PASSED] - click(findTestObject("V2/Commons/FirstUpdateCompanyAndPersonalInfoModal/confirmInfoSkip_button")): Object: 'Object Repository/V2/Commons/FirstUpdateCompanyAndPersonalInfoModal/confirmInfoSkip_button' is clicked on

2020-09-28 07:10:35 - [MESSAGE][PASSED] - Object: 'Object Repository/V2/Commons/FirstUpdateCompanyAndPersonalInfoModal/confirmInfoSkip_button' is clicked on

2020-09-28 07:10:35 - [TEST_STEP][PASSED] - waitForElementVisible(findTestObject("V2/Commons/FirstUpdateCompanyAndPersonalInfoModal/confirmPersonalInfoHeader_h1"), DefaultTimeout): Object 'Object Repository/V2/Commons/FirstUpdateCompanyAndPersonalInfoModal/confirmPersonalInfoHeader_h1' is visible

2020-09-28 07:10:36 - [MESSAGE][PASSED] - Object 'Object Repository/V2/Commons/FirstUpdateCompanyAndPersonalInfoModal/confirmPersonalInfoHeader_h1' is visible

2020-09-28 07:10:36 - [TEST_STEP][PASSED] - click(findTestObject("V2/Commons/FirstUpdateCompanyAndPersonalInfoModal/confirmInfoSkip_button")): Object: 'Object Repository/V2/Commons/FirstUpdateCompanyAndPersonalInfoModal/confirmInfoSkip_button' is clicked on

2020-09-28 07:10:36 - [MESSAGE][PASSED] - Object: 'Object Repository/V2/Commons/FirstUpdateCompanyAndPersonalInfoModal/confirmInfoSkip_button' is clicked on

2020-09-28 07:10:36 - [TEST_STEP][PASSED] - waitForElementVisible(findTestObject("V2/Commons/FirstUpdateCompanyAndPersonalInfoModal/letsGetStarted_button"), DefaultTimeout): Object 'Object Repository/V2/Commons/FirstUpdateCompanyAndPersonalInfoModal/letsGetStarted_button' is visible

2020-09-28 07:10:37 - [MESSAGE][PASSED] - Object 'Object Repository/V2/Commons/FirstUpdateCompanyAndPersonalInfoModal/letsGetStarted_button' is visible

2020-09-28 07:10:37 - [TEST_STEP][PASSED] - click(findTestObject("V2/Commons/FirstUpdateCompanyAndPersonalInfoModal/letsGetStarted_button")): Object: 'Object Repository/V2/Commons/FirstUpdateCompanyAndPersonalInfoModal/letsGetStarted_button' is clicked on

2020-09-28 07:10:37 - [MESSAGE][PASSED] - Object: 'Object Repository/V2/Commons/FirstUpdateCompanyAndPersonalInfoModal/letsGetStarted_button' is clicked on

2020-09-28 07:10:37 - [MESSAGE][PASSED] - Call Test Case 'Test Cases/V2/Test Case/Pre-conditions/PRE_SkipCompanyAndPersonalProfileSetup' successfully

2020-09-28 07:10:37 - [TEST_STEP][PASSED] - supervisor_activationURL = tt_CustomKeywords.CustomKeywords.RegisterAndActivateSupervisorUserViaAPI(V2Url, orgID, supervisor_email, password, email, password, supervisor_fname, lastname): SUCCESFFULLY registered a new user via API. 
 Generated Activation Link: 
https://meetingmaster.dev02.tt-devs.com/activate?activationKey=46caab7d-c5d6-4df3-8473-72366a72dbe0&userId=e6ba68ea-8c73-bc51-7a94-fe725587a93a&orgId=36ba68ea-515a-c4e0-34dc-31a3e468bdd6&email=tractiontools.user001+ts5ql14n@gmail.com&isCreator=0

2020-09-28 07:10:39 - [MESSAGE][PASSED] - SUCCESFFULLY registered a new user via API. 
 Generated Activation Link: 
https://meetingmaster.dev02.tt-devs.com/activate?activationKey=46caab7d-c5d6-4df3-8473-72366a72dbe0&userId=e6ba68ea-8c73-bc51-7a94-fe725587a93a&orgId=36ba68ea-515a-c4e0-34dc-31a3e468bdd6&email=tractiontools.user001+ts5ql14n@gmail.com&isCreator=0

2020-09-28 07:10:39 - [TEST_STEP][PASSED] - callTestCase(findTestCase("V2/Test Case/Pre-conditions/PRE_ChangeUserPermissionViaManageUser"), ["showMenuItemsPath":"//div[@class='usercard__detail_container']/div[text()='%s']/ancestor::div[contains(@class,'usercard__content')]//button[@aria-label='Show Menu Items']", "user_email":supervisor_email, ... ], STOP_ON_FAILURE): Call Test Case 'Test Cases/V2/Test Case/Pre-conditions/PRE_ChangeUserPermissionViaManageUser' successfully

2020-09-28 07:10:39 - [TEST_CASE][PASSED] - Test Cases/V2/Test Case/Pre-conditions/PRE_ChangeUserPermissionViaManageUser: Test Cases/V2/Test Case/Pre-conditions/PRE_ChangeUserPermissionViaManageUser

2020-09-28 07:10:40 - [TEST_STEP][PASSED] - click(findTestObject("Object Repository/V2/Commons/ManageUsersPage/span_Company Settings")): Object: 'Object Repository/V2/Commons/ManageUsersPage/span_Company Settings' is clicked on

2020-09-28 07:10:40 - [MESSAGE][PASSED] - Object: 'Object Repository/V2/Commons/ManageUsersPage/span_Company Settings' is clicked on

2020-09-28 07:10:40 - [TEST_STEP][PASSED] - click(findTestObject("V2/Commons/DasboardPage_SidebarMenu/a_Manage Users")): Object: 'Object Repository/V2/Commons/DasboardPage_SidebarMenu/a_Manage Users' is clicked on

2020-09-28 07:10:40 - [MESSAGE][PASSED] - Object: 'Object Repository/V2/Commons/DasboardPage_SidebarMenu/a_Manage Users' is clicked on

2020-09-28 07:10:40 - [TEST_STEP][PASSED] - showMenuItemsObj = tt_CustomKeywords.CustomKeywords.CreateDynamicElement(showMenuItemsPath, user_email, "xpath"): Successfully created new dynamic object: //div[@class='usercard__detail_container']/div[text()='tractiontools.user001+ts5ql14n@gmail.com']/ancestor::div[contains(@class,'usercard__content')]//button[@aria-label='Show Menu Items']

2020-09-28 07:10:40 - [MESSAGE][PASSED] - Successfully created new dynamic object: //div[@class='usercard__detail_container']/div[text()='tractiontools.user001+ts5ql14n@gmail.com']/ancestor::div[contains(@class,'usercard__content')]//button[@aria-label='Show Menu Items']

2020-09-28 07:10:40 - [TEST_STEP][PASSED] - click(showMenuItemsObj): Object: '' is clicked on

2020-09-28 07:10:41 - [MESSAGE][PASSED] - Object: '' is clicked on

2020-09-28 07:10:41 - [TEST_STEP][PASSED] - click(findTestObject("Object Repository/V2/Commons/ManageUsersPage/div_Edit user")): Object: 'Object Repository/V2/Commons/ManageUsersPage/div_Edit user' is clicked on

2020-09-28 07:10:42 - [MESSAGE][PASSED] - Object: 'Object Repository/V2/Commons/ManageUsersPage/div_Edit user' is clicked on

2020-09-28 07:10:42 - [TEST_STEP][PASSED] - verifyElementPresent(findTestObject("V2/Commons/ManageUsersPage/div_PositionTitle"), DefaultTimeout): Object 'Object Repository/V2/Commons/ManageUsersPage/div_PositionTitle' is present

2020-09-28 07:10:42 - [MESSAGE][PASSED] - Object 'Object Repository/V2/Commons/ManageUsersPage/div_PositionTitle' is present

2020-09-28 07:10:42 - [TEST_STEP][PASSED] - setText(findTestObject("V2/Commons/ManageUsersPage/position_title_input"), position_title): Text 'QA Manager' is set on object 'Object Repository/V2/Commons/ManageUsersPage/position_title_input'

2020-09-28 07:10:43 - [MESSAGE][PASSED] - Text 'QA Manager' is set on object 'Object Repository/V2/Commons/ManageUsersPage/position_title_input'

2020-09-28 07:10:43 - [TEST_STEP][PASSED] - sendKeys(findTestObject("V2/Commons/ManageUsersPage/position_title_input"), Keys.chord(ENTER)): Keys 'ENTER + ' sent to object: 'Object Repository/V2/Commons/ManageUsersPage/position_title_input'

2020-09-28 07:10:43 - [MESSAGE][PASSED] - Keys 'ENTER + ' sent to object: 'Object Repository/V2/Commons/ManageUsersPage/position_title_input'

2020-09-28 07:10:43 - [TEST_STEP][PASSED] - if (permissionValue == "Employee"): null

2020-09-28 07:10:43 - [TEST_STEP][PASSED] - verifyElementPresent(findTestObject("Object Repository/V2/Commons/ManageUsersPage/div_User type"), DefaultTimeout): Object 'Object Repository/V2/Commons/ManageUsersPage/div_User type' is present

2020-09-28 07:10:44 - [MESSAGE][PASSED] - Object 'Object Repository/V2/Commons/ManageUsersPage/div_User type' is present

2020-09-28 07:10:44 - [TEST_STEP][PASSED] - click(findTestObject("Object Repository/V2/Commons/ManageUsersPage/input__orgRole")): Object: 'Object Repository/V2/Commons/ManageUsersPage/input__orgRole' is clicked on

2020-09-28 07:10:44 - [MESSAGE][PASSED] - Object: 'Object Repository/V2/Commons/ManageUsersPage/input__orgRole' is clicked on

2020-09-28 07:10:44 - [TEST_STEP][PASSED] - roleOptionObj = tt_CustomKeywords.CustomKeywords.CreateDynamicElement(roleOption, permissionValue, "xpath"): Successfully created new dynamic object: //span[text()='Supervisor']/parent::div[@role='option']

2020-09-28 07:10:44 - [MESSAGE][PASSED] - Successfully created new dynamic object: //span[text()='Supervisor']/parent::div[@role='option']

2020-09-28 07:10:44 - [TEST_STEP][PASSED] - click(roleOptionObj): Object: '' is clicked on

2020-09-28 07:10:45 - [MESSAGE][PASSED] - Object: '' is clicked on

2020-09-28 07:10:45 - [TEST_STEP][PASSED] - click(findTestObject("Object Repository/V2/Commons/ManageUsersPage/div_Save")): Object: 'Object Repository/V2/Commons/ManageUsersPage/div_Save' is clicked on

2020-09-28 07:10:45 - [MESSAGE][PASSED] - Object: 'Object Repository/V2/Commons/ManageUsersPage/div_Save' is clicked on

2020-09-28 07:10:45 - [TEST_STEP][PASSED] - waitForElementVisible(findTestObject("V2/Commons/ManageUsersPage/h3_User Saved"), DefaultTimeout): Object 'Object Repository/V2/Commons/ManageUsersPage/h3_User Saved' is visible

2020-09-28 07:10:48 - [MESSAGE][PASSED] - Object 'Object Repository/V2/Commons/ManageUsersPage/h3_User Saved' is visible

2020-09-28 07:10:48 - [TEST_STEP][PASSED] - verifyElementVisible(findTestObject("Object Repository/V2/Commons/ManageUsersPage/h3_User Saved")): Object 'Object Repository/V2/Commons/ManageUsersPage/h3_User Saved' is visible

2020-09-28 07:10:48 - [MESSAGE][PASSED] - Object 'Object Repository/V2/Commons/ManageUsersPage/h3_User Saved' is visible

2020-09-28 07:10:48 - [MESSAGE][PASSED] - Call Test Case 'Test Cases/V2/Test Case/Pre-conditions/PRE_ChangeUserPermissionViaManageUser' successfully

2020-09-28 07:10:48 - [TEST_STEP][PASSED] - employee_activationURL = tt_CustomKeywords.CustomKeywords.RegisterAndActivateSupervisorUserViaAPI(V2Url, orgID, employee_email, password, email, password, employee_fname, lastname): SUCCESFFULLY registered a new user via API. 
 Generated Activation Link: 
https://meetingmaster.dev02.tt-devs.com/activate?activationKey=f66a3bed-6c04-4362-919b-f6f048277eb9&userId=1eba68ea-a009-000a-44a4-3bcaf1cea278&orgId=36ba68ea-515a-c4e0-34dc-31a3e468bdd6&email=tractiontools.user001+te5a4c7j@gmail.com&isCreator=0

2020-09-28 07:10:49 - [MESSAGE][PASSED] - SUCCESFFULLY registered a new user via API. 
 Generated Activation Link: 
https://meetingmaster.dev02.tt-devs.com/activate?activationKey=f66a3bed-6c04-4362-919b-f6f048277eb9&userId=1eba68ea-a009-000a-44a4-3bcaf1cea278&orgId=36ba68ea-515a-c4e0-34dc-31a3e468bdd6&email=tractiontools.user001+te5a4c7j@gmail.com&isCreator=0

2020-09-28 07:10:49 - [TEST_STEP][PASSED] - callTestCase(findTestCase("V2/Test Case/Pre-conditions/PRE_ChangeUserPermissionViaManageUser"), ["showMenuItemsPath":"//div[@class='usercard__detail_container']/div[text()='%s']/ancestor::div[contains(@class,'usercard__content')]//button[@aria-label='Show Menu Items']", "user_email":employee_email, ... ], STOP_ON_FAILURE): Call Test Case 'Test Cases/V2/Test Case/Pre-conditions/PRE_ChangeUserPermissionViaManageUser' successfully

2020-09-28 07:10:49 - [TEST_CASE][PASSED] - Test Cases/V2/Test Case/Pre-conditions/PRE_ChangeUserPermissionViaManageUser: Test Cases/V2/Test Case/Pre-conditions/PRE_ChangeUserPermissionViaManageUser

2020-09-28 07:10:49 - [TEST_STEP][PASSED] - click(findTestObject("Object Repository/V2/Commons/ManageUsersPage/span_Company Settings")): Object: 'Object Repository/V2/Commons/ManageUsersPage/span_Company Settings' is clicked on

2020-09-28 07:10:50 - [MESSAGE][PASSED] - Object: 'Object Repository/V2/Commons/ManageUsersPage/span_Company Settings' is clicked on

2020-09-28 07:10:50 - [TEST_STEP][PASSED] - click(findTestObject("V2/Commons/DasboardPage_SidebarMenu/a_Manage Users")): Object: 'Object Repository/V2/Commons/DasboardPage_SidebarMenu/a_Manage Users' is clicked on

2020-09-28 07:10:50 - [MESSAGE][PASSED] - Object: 'Object Repository/V2/Commons/DasboardPage_SidebarMenu/a_Manage Users' is clicked on

2020-09-28 07:10:50 - [TEST_STEP][PASSED] - showMenuItemsObj = tt_CustomKeywords.CustomKeywords.CreateDynamicElement(showMenuItemsPath, user_email, "xpath"): Successfully created new dynamic object: //div[@class='usercard__detail_container']/div[text()='tractiontools.user001+te5a4c7j@gmail.com']/ancestor::div[contains(@class,'usercard__content')]//button[@aria-label='Show Menu Items']

2020-09-28 07:10:50 - [MESSAGE][PASSED] - Successfully created new dynamic object: //div[@class='usercard__detail_container']/div[text()='tractiontools.user001+te5a4c7j@gmail.com']/ancestor::div[contains(@class,'usercard__content')]//button[@aria-label='Show Menu Items']

2020-09-28 07:10:50 - [TEST_STEP][PASSED] - click(showMenuItemsObj): Object: '' is clicked on

2020-09-28 07:10:51 - [MESSAGE][PASSED] - Object: '' is clicked on

2020-09-28 07:10:51 - [TEST_STEP][PASSED] - click(findTestObject("Object Repository/V2/Commons/ManageUsersPage/div_Edit user")): Object: 'Object Repository/V2/Commons/ManageUsersPage/div_Edit user' is clicked on

2020-09-28 07:10:51 - [MESSAGE][PASSED] - Object: 'Object Repository/V2/Commons/ManageUsersPage/div_Edit user' is clicked on

2020-09-28 07:10:51 - [TEST_STEP][PASSED] - verifyElementPresent(findTestObject("V2/Commons/ManageUsersPage/div_PositionTitle"), DefaultTimeout): Object 'Object Repository/V2/Commons/ManageUsersPage/div_PositionTitle' is present

2020-09-28 07:10:52 - [MESSAGE][PASSED] - Object 'Object Repository/V2/Commons/ManageUsersPage/div_PositionTitle' is present

2020-09-28 07:10:52 - [TEST_STEP][PASSED] - setText(findTestObject("V2/Commons/ManageUsersPage/position_title_input"), position_title): Text 'Quality Assurance' is set on object 'Object Repository/V2/Commons/ManageUsersPage/position_title_input'

2020-09-28 07:10:52 - [MESSAGE][PASSED] - Text 'Quality Assurance' is set on object 'Object Repository/V2/Commons/ManageUsersPage/position_title_input'

2020-09-28 07:10:52 - [TEST_STEP][PASSED] - sendKeys(findTestObject("V2/Commons/ManageUsersPage/position_title_input"), Keys.chord(ENTER)): Keys 'ENTER + ' sent to object: 'Object Repository/V2/Commons/ManageUsersPage/position_title_input'

2020-09-28 07:10:53 - [MESSAGE][PASSED] - Keys 'ENTER + ' sent to object: 'Object Repository/V2/Commons/ManageUsersPage/position_title_input'

2020-09-28 07:10:53 - [TEST_STEP][PASSED] - if (permissionValue == "Employee"): Keys 'ENTER + ' sent to object: 'Object Repository/V2/Commons/ManageUsersPage/supervisor_input'

2020-09-28 07:10:53 - [TEST_STEP][PASSED] - verifyElementPresent(findTestObject("V2/Commons/ManageUsersPage/supervisor_input"), DefaultTimeout): Object 'Object Repository/V2/Commons/ManageUsersPage/supervisor_input' is present

2020-09-28 07:10:53 - [MESSAGE][PASSED] - Object 'Object Repository/V2/Commons/ManageUsersPage/supervisor_input' is present

2020-09-28 07:10:53 - [TEST_STEP][PASSED] - setText(findTestObject("V2/Commons/ManageUsersPage/supervisor_input"), user_supervisorName): Text 'Supervisor User' is set on object 'Object Repository/V2/Commons/ManageUsersPage/supervisor_input'

2020-09-28 07:10:54 - [MESSAGE][PASSED] - Text 'Supervisor User' is set on object 'Object Repository/V2/Commons/ManageUsersPage/supervisor_input'

2020-09-28 07:10:54 - [TEST_STEP][PASSED] - sendKeys(findTestObject("V2/Commons/ManageUsersPage/supervisor_input"), Keys.chord(ENTER)): Keys 'ENTER + ' sent to object: 'Object Repository/V2/Commons/ManageUsersPage/supervisor_input'

2020-09-28 07:10:55 - [MESSAGE][PASSED] - Keys 'ENTER + ' sent to object: 'Object Repository/V2/Commons/ManageUsersPage/supervisor_input'

2020-09-28 07:10:55 - [TEST_STEP][PASSED] - verifyElementPresent(findTestObject("Object Repository/V2/Commons/ManageUsersPage/div_User type"), DefaultTimeout): Object 'Object Repository/V2/Commons/ManageUsersPage/div_User type' is present

2020-09-28 07:10:55 - [MESSAGE][PASSED] - Object 'Object Repository/V2/Commons/ManageUsersPage/div_User type' is present

2020-09-28 07:10:55 - [TEST_STEP][PASSED] - click(findTestObject("Object Repository/V2/Commons/ManageUsersPage/input__orgRole")): Object: 'Object Repository/V2/Commons/ManageUsersPage/input__orgRole' is clicked on

2020-09-28 07:10:56 - [MESSAGE][PASSED] - Object: 'Object Repository/V2/Commons/ManageUsersPage/input__orgRole' is clicked on

2020-09-28 07:10:56 - [TEST_STEP][PASSED] - roleOptionObj = tt_CustomKeywords.CustomKeywords.CreateDynamicElement(roleOption, permissionValue, "xpath"): Successfully created new dynamic object: //span[text()='Employee']/parent::div[@role='option']

2020-09-28 07:10:56 - [MESSAGE][PASSED] - Successfully created new dynamic object: //span[text()='Employee']/parent::div[@role='option']

2020-09-28 07:10:56 - [TEST_STEP][PASSED] - click(roleOptionObj): Object: '' is clicked on

2020-09-28 07:10:56 - [MESSAGE][PASSED] - Object: '' is clicked on

2020-09-28 07:10:56 - [TEST_STEP][PASSED] - click(findTestObject("Object Repository/V2/Commons/ManageUsersPage/div_Save")): Object: 'Object Repository/V2/Commons/ManageUsersPage/div_Save' is clicked on

2020-09-28 07:10:57 - [MESSAGE][PASSED] - Object: 'Object Repository/V2/Commons/ManageUsersPage/div_Save' is clicked on

2020-09-28 07:10:57 - [TEST_STEP][PASSED] - waitForElementVisible(findTestObject("V2/Commons/ManageUsersPage/h3_User Saved"), DefaultTimeout): Object 'Object Repository/V2/Commons/ManageUsersPage/h3_User Saved' is visible

2020-09-28 07:11:00 - [MESSAGE][PASSED] - Object 'Object Repository/V2/Commons/ManageUsersPage/h3_User Saved' is visible

2020-09-28 07:11:00 - [TEST_STEP][PASSED] - verifyElementVisible(findTestObject("Object Repository/V2/Commons/ManageUsersPage/h3_User Saved")): Object 'Object Repository/V2/Commons/ManageUsersPage/h3_User Saved' is visible

2020-09-28 07:11:00 - [MESSAGE][PASSED] - Object 'Object Repository/V2/Commons/ManageUsersPage/h3_User Saved' is visible

2020-09-28 07:11:00 - [MESSAGE][PASSED] - Call Test Case 'Test Cases/V2/Test Case/Pre-conditions/PRE_ChangeUserPermissionViaManageUser' successfully

2020-09-28 07:11:00 - [TEST_STEP][PASSED] - callTestCase(findTestCase("V2/Test Case/Pre-conditions/PRE_ActivateNewUser"), ["activationURL":supervisor_activationURL, "email":supervisor_email, "password":password], STOP_ON_FAILURE): Call Test Case 'Test Cases/V2/Test Case/Pre-conditions/PRE_ActivateNewUser' successfully

2020-09-28 07:11:00 - [TEST_CASE][PASSED] - Test Cases/V2/Test Case/Pre-conditions/PRE_ActivateNewUser: Test Cases/V2/Test Case/Pre-conditions/PRE_ActivateNewUser

2020-09-28 07:11:00 - [TEST_STEP][PASSED] - navigateToUrl(activationURL): Navigate to 'https://meetingmaster.dev02.tt-devs.com/activate?activationKey=46caab7d-c5d6-4df3-8473-72366a72dbe0&userId=e6ba68ea-8c73-bc51-7a94-fe725587a93a&orgId=36ba68ea-515a-c4e0-34dc-31a3e468bdd6&email=tractiontools.user001+ts5ql14n@gmail.com&isCreator=0' successfully

2020-09-28 07:11:02 - [MESSAGE][PASSED] - Navigate to 'https://meetingmaster.dev02.tt-devs.com/activate?activationKey=46caab7d-c5d6-4df3-8473-72366a72dbe0&userId=e6ba68ea-8c73-bc51-7a94-fe725587a93a&orgId=36ba68ea-515a-c4e0-34dc-31a3e468bdd6&email=tractiontools.user001+ts5ql14n@gmail.com&isCreator=0' successfully

2020-09-28 07:11:02 - [TEST_STEP][PASSED] - waitForElementVisible(findTestObject("V2/Commons/ActivationPage/input_Email_email"), DefaultTimeout): Object 'Object Repository/V2/Commons/ActivationPage/input_Email_email' is visible

2020-09-28 07:11:03 - [MESSAGE][PASSED] - Object 'Object Repository/V2/Commons/ActivationPage/input_Email_email' is visible

2020-09-28 07:11:03 - [TEST_STEP][PASSED] - actual_email = getAttribute(findTestObject("Object Repository/V2/Commons/ActivationPage/input_Email_email"), "value"): Attribute 'value' of object 'Object Repository/V2/Commons/ActivationPage/input_Email_email' is: 'tractiontools.user001+ts5ql14n@gmail.com'

2020-09-28 07:11:04 - [MESSAGE][PASSED] - Attribute 'value' of object 'Object Repository/V2/Commons/ActivationPage/input_Email_email' is: 'tractiontools.user001+ts5ql14n@gmail.com'

2020-09-28 07:11:04 - [TEST_STEP][PASSED] - verifyMatch(actual_email, email, false): Actual text 'tractiontools.user001+ts5ql14n@gmail.com' and expected text 'tractiontools.user001+ts5ql14n@gmail.com' are matched 

2020-09-28 07:11:04 - [MESSAGE][PASSED] - Actual text 'tractiontools.user001+ts5ql14n@gmail.com' and expected text 'tractiontools.user001+ts5ql14n@gmail.com' are matched 

2020-09-28 07:11:04 - [TEST_STEP][PASSED] - setText(findTestObject("V2/Commons/ActivationPage/input_password"), password): Text 'Qwer123!' is set on object 'Object Repository/V2/Commons/ActivationPage/input_password'

2020-09-28 07:11:05 - [MESSAGE][PASSED] - Text 'Qwer123!' is set on object 'Object Repository/V2/Commons/ActivationPage/input_password'

2020-09-28 07:11:05 - [TEST_STEP][PASSED] - setText(findTestObject("Object Repository/V2/Commons/ActivationPage/input__passwordRepeat"), password): Text 'Qwer123!' is set on object 'Object Repository/V2/Commons/ActivationPage/input__passwordRepeat'

2020-09-28 07:11:05 - [MESSAGE][PASSED] - Text 'Qwer123!' is set on object 'Object Repository/V2/Commons/ActivationPage/input__passwordRepeat'

2020-09-28 07:11:05 - [TEST_STEP][PASSED] - click(findTestObject("V2/Commons/ActivationPage/input_termsandconditions")): Object: 'Object Repository/V2/Commons/ActivationPage/input_termsandconditions' is clicked on

2020-09-28 07:11:06 - [MESSAGE][PASSED] - Object: 'Object Repository/V2/Commons/ActivationPage/input_termsandconditions' is clicked on

2020-09-28 07:11:06 - [TEST_STEP][PASSED] - click(findTestObject("Object Repository/V2/Commons/ActivationPage/div_Create account")): Object: 'Object Repository/V2/Commons/ActivationPage/div_Create account' is clicked on

2020-09-28 07:11:06 - [MESSAGE][PASSED] - Object: 'Object Repository/V2/Commons/ActivationPage/div_Create account' is clicked on

2020-09-28 07:11:06 - [TEST_STEP][PASSED] - waitForElementPresent(findTestObject("V2/Commons/DasboardPage_SidebarMenu/img_Home_logo-big"), DefaultTimeout): Object 'Object Repository/V2/Commons/DasboardPage_SidebarMenu/img_Home_logo-big' is present

2020-09-28 07:11:10 - [MESSAGE][PASSED] - Object 'Object Repository/V2/Commons/DasboardPage_SidebarMenu/img_Home_logo-big' is present

2020-09-28 07:11:10 - [TEST_STEP][PASSED] - verifyElementPresent(findTestObject("V2/Commons/DasboardPage_SidebarMenu/img_Home_logo-big"), 0): Object 'Object Repository/V2/Commons/DasboardPage_SidebarMenu/img_Home_logo-big' is present

2020-09-28 07:11:10 - [MESSAGE][WARNING] - Timeout '0' is invalid. Using default page load timeout: '30'

2020-09-28 07:11:10 - [MESSAGE][PASSED] - Object 'Object Repository/V2/Commons/DasboardPage_SidebarMenu/img_Home_logo-big' is present

2020-09-28 07:11:10 - [MESSAGE][PASSED] - Call Test Case 'Test Cases/V2/Test Case/Pre-conditions/PRE_ActivateNewUser' successfully

2020-09-28 07:11:10 - [TEST_STEP][PASSED] - callTestCase(findTestCase("V2/Test Case/Pre-conditions/PRE_SkipPersonalProfileSetup"), [:], STOP_ON_FAILURE): Call Test Case 'Test Cases/V2/Test Case/Pre-conditions/PRE_SkipPersonalProfileSetup' successfully

2020-09-28 07:11:10 - [TEST_CASE][PASSED] - Test Cases/V2/Test Case/Pre-conditions/PRE_SkipPersonalProfileSetup: Test Cases/V2/Test Case/Pre-conditions/PRE_SkipPersonalProfileSetup

2020-09-28 07:11:10 - [TEST_STEP][PASSED] - waitForElementVisible(findTestObject("V2/Commons/FirstUpdateCompanyAndPersonalInfoModal/confirmPersonalInfoHeader_h1"), DefaultTimeout): Object 'Object Repository/V2/Commons/FirstUpdateCompanyAndPersonalInfoModal/confirmPersonalInfoHeader_h1' is visible

2020-09-28 07:11:10 - [MESSAGE][PASSED] - Object 'Object Repository/V2/Commons/FirstUpdateCompanyAndPersonalInfoModal/confirmPersonalInfoHeader_h1' is visible

2020-09-28 07:11:10 - [TEST_STEP][PASSED] - click(findTestObject("V2/Commons/FirstUpdateCompanyAndPersonalInfoModal/confirmInfoSkip_button")): Object: 'Object Repository/V2/Commons/FirstUpdateCompanyAndPersonalInfoModal/confirmInfoSkip_button' is clicked on

2020-09-28 07:11:11 - [MESSAGE][PASSED] - Object: 'Object Repository/V2/Commons/FirstUpdateCompanyAndPersonalInfoModal/confirmInfoSkip_button' is clicked on

2020-09-28 07:11:11 - [TEST_STEP][PASSED] - waitForElementVisible(findTestObject("V2/Commons/FirstUpdateCompanyAndPersonalInfoModal/letsGetStarted_button"), DefaultTimeout): Object 'Object Repository/V2/Commons/FirstUpdateCompanyAndPersonalInfoModal/letsGetStarted_button' is visible

2020-09-28 07:11:11 - [MESSAGE][PASSED] - Object 'Object Repository/V2/Commons/FirstUpdateCompanyAndPersonalInfoModal/letsGetStarted_button' is visible

2020-09-28 07:11:11 - [TEST_STEP][PASSED] - click(findTestObject("V2/Commons/FirstUpdateCompanyAndPersonalInfoModal/letsGetStarted_button")): Object: 'Object Repository/V2/Commons/FirstUpdateCompanyAndPersonalInfoModal/letsGetStarted_button' is clicked on

2020-09-28 07:11:12 - [MESSAGE][PASSED] - Object: 'Object Repository/V2/Commons/FirstUpdateCompanyAndPersonalInfoModal/letsGetStarted_button' is clicked on

2020-09-28 07:11:12 - [MESSAGE][PASSED] - Call Test Case 'Test Cases/V2/Test Case/Pre-conditions/PRE_SkipPersonalProfileSetup' successfully

2020-09-28 07:11:12 - [TEST_STEP][PASSED] - callTestCase(findTestCase("V2/Test Case/Pre-conditions/PRE_ActivateNewUser"), ["activationURL":employee_activationURL, "email":employee_email, "password":password], STOP_ON_FAILURE): Call Test Case 'Test Cases/V2/Test Case/Pre-conditions/PRE_ActivateNewUser' successfully

2020-09-28 07:11:12 - [TEST_CASE][PASSED] - Test Cases/V2/Test Case/Pre-conditions/PRE_ActivateNewUser: Test Cases/V2/Test Case/Pre-conditions/PRE_ActivateNewUser

2020-09-28 07:11:12 - [TEST_STEP][PASSED] - navigateToUrl(activationURL): Navigate to 'https://meetingmaster.dev02.tt-devs.com/activate?activationKey=f66a3bed-6c04-4362-919b-f6f048277eb9&userId=1eba68ea-a009-000a-44a4-3bcaf1cea278&orgId=36ba68ea-515a-c4e0-34dc-31a3e468bdd6&email=tractiontools.user001+te5a4c7j@gmail.com&isCreator=0' successfully

2020-09-28 07:11:14 - [MESSAGE][PASSED] - Navigate to 'https://meetingmaster.dev02.tt-devs.com/activate?activationKey=f66a3bed-6c04-4362-919b-f6f048277eb9&userId=1eba68ea-a009-000a-44a4-3bcaf1cea278&orgId=36ba68ea-515a-c4e0-34dc-31a3e468bdd6&email=tractiontools.user001+te5a4c7j@gmail.com&isCreator=0' successfully

2020-09-28 07:11:14 - [TEST_STEP][PASSED] - waitForElementVisible(findTestObject("V2/Commons/ActivationPage/input_Email_email"), DefaultTimeout): Object 'Object Repository/V2/Commons/ActivationPage/input_Email_email' is visible

2020-09-28 07:11:15 - [MESSAGE][PASSED] - Object 'Object Repository/V2/Commons/ActivationPage/input_Email_email' is visible

2020-09-28 07:11:15 - [TEST_STEP][PASSED] - actual_email = getAttribute(findTestObject("Object Repository/V2/Commons/ActivationPage/input_Email_email"), "value"): Attribute 'value' of object 'Object Repository/V2/Commons/ActivationPage/input_Email_email' is: 'tractiontools.user001+te5a4c7j@gmail.com'

2020-09-28 07:11:15 - [MESSAGE][PASSED] - Attribute 'value' of object 'Object Repository/V2/Commons/ActivationPage/input_Email_email' is: 'tractiontools.user001+te5a4c7j@gmail.com'

2020-09-28 07:11:15 - [TEST_STEP][PASSED] - verifyMatch(actual_email, email, false): Actual text 'tractiontools.user001+te5a4c7j@gmail.com' and expected text 'tractiontools.user001+te5a4c7j@gmail.com' are matched 

2020-09-28 07:11:15 - [MESSAGE][PASSED] - Actual text 'tractiontools.user001+te5a4c7j@gmail.com' and expected text 'tractiontools.user001+te5a4c7j@gmail.com' are matched 

2020-09-28 07:11:15 - [TEST_STEP][PASSED] - setText(findTestObject("V2/Commons/ActivationPage/input_password"), password): Text 'Qwer123!' is set on object 'Object Repository/V2/Commons/ActivationPage/input_password'

2020-09-28 07:11:16 - [MESSAGE][PASSED] - Text 'Qwer123!' is set on object 'Object Repository/V2/Commons/ActivationPage/input_password'

2020-09-28 07:11:16 - [TEST_STEP][PASSED] - setText(findTestObject("Object Repository/V2/Commons/ActivationPage/input__passwordRepeat"), password): Text 'Qwer123!' is set on object 'Object Repository/V2/Commons/ActivationPage/input__passwordRepeat'

2020-09-28 07:11:17 - [MESSAGE][PASSED] - Text 'Qwer123!' is set on object 'Object Repository/V2/Commons/ActivationPage/input__passwordRepeat'

2020-09-28 07:11:17 - [TEST_STEP][PASSED] - click(findTestObject("V2/Commons/ActivationPage/input_termsandconditions")): Object: 'Object Repository/V2/Commons/ActivationPage/input_termsandconditions' is clicked on

2020-09-28 07:11:17 - [MESSAGE][PASSED] - Object: 'Object Repository/V2/Commons/ActivationPage/input_termsandconditions' is clicked on

2020-09-28 07:11:17 - [TEST_STEP][PASSED] - click(findTestObject("Object Repository/V2/Commons/ActivationPage/div_Create account")): Object: 'Object Repository/V2/Commons/ActivationPage/div_Create account' is clicked on

2020-09-28 07:11:18 - [MESSAGE][PASSED] - Object: 'Object Repository/V2/Commons/ActivationPage/div_Create account' is clicked on

2020-09-28 07:11:18 - [TEST_STEP][PASSED] - waitForElementPresent(findTestObject("V2/Commons/DasboardPage_SidebarMenu/img_Home_logo-big"), DefaultTimeout): Object 'Object Repository/V2/Commons/DasboardPage_SidebarMenu/img_Home_logo-big' is present

2020-09-28 07:11:21 - [MESSAGE][PASSED] - Object 'Object Repository/V2/Commons/DasboardPage_SidebarMenu/img_Home_logo-big' is present

2020-09-28 07:11:21 - [TEST_STEP][PASSED] - verifyElementPresent(findTestObject("V2/Commons/DasboardPage_SidebarMenu/img_Home_logo-big"), 0): Object 'Object Repository/V2/Commons/DasboardPage_SidebarMenu/img_Home_logo-big' is present

2020-09-28 07:11:21 - [MESSAGE][WARNING] - Timeout '0' is invalid. Using default page load timeout: '30'

2020-09-28 07:11:21 - [MESSAGE][PASSED] - Object 'Object Repository/V2/Commons/DasboardPage_SidebarMenu/img_Home_logo-big' is present

2020-09-28 07:11:21 - [MESSAGE][PASSED] - Call Test Case 'Test Cases/V2/Test Case/Pre-conditions/PRE_ActivateNewUser' successfully

2020-09-28 07:11:21 - [TEST_STEP][PASSED] - callTestCase(findTestCase("V2/Test Case/Pre-conditions/PRE_SkipPersonalProfileSetup"), [:], STOP_ON_FAILURE): Call Test Case 'Test Cases/V2/Test Case/Pre-conditions/PRE_SkipPersonalProfileSetup' successfully

2020-09-28 07:11:22 - [TEST_CASE][PASSED] - Test Cases/V2/Test Case/Pre-conditions/PRE_SkipPersonalProfileSetup: Test Cases/V2/Test Case/Pre-conditions/PRE_SkipPersonalProfileSetup

2020-09-28 07:11:22 - [TEST_STEP][PASSED] - waitForElementVisible(findTestObject("V2/Commons/FirstUpdateCompanyAndPersonalInfoModal/confirmPersonalInfoHeader_h1"), DefaultTimeout): Object 'Object Repository/V2/Commons/FirstUpdateCompanyAndPersonalInfoModal/confirmPersonalInfoHeader_h1' is visible

2020-09-28 07:11:22 - [MESSAGE][PASSED] - Object 'Object Repository/V2/Commons/FirstUpdateCompanyAndPersonalInfoModal/confirmPersonalInfoHeader_h1' is visible

2020-09-28 07:11:22 - [TEST_STEP][PASSED] - click(findTestObject("V2/Commons/FirstUpdateCompanyAndPersonalInfoModal/confirmInfoSkip_button")): Object: 'Object Repository/V2/Commons/FirstUpdateCompanyAndPersonalInfoModal/confirmInfoSkip_button' is clicked on

2020-09-28 07:11:22 - [MESSAGE][PASSED] - Object: 'Object Repository/V2/Commons/FirstUpdateCompanyAndPersonalInfoModal/confirmInfoSkip_button' is clicked on

2020-09-28 07:11:22 - [TEST_STEP][PASSED] - waitForElementVisible(findTestObject("V2/Commons/FirstUpdateCompanyAndPersonalInfoModal/letsGetStarted_button"), DefaultTimeout): Object 'Object Repository/V2/Commons/FirstUpdateCompanyAndPersonalInfoModal/letsGetStarted_button' is visible

2020-09-28 07:11:23 - [MESSAGE][PASSED] - Object 'Object Repository/V2/Commons/FirstUpdateCompanyAndPersonalInfoModal/letsGetStarted_button' is visible

2020-09-28 07:11:23 - [TEST_STEP][PASSED] - click(findTestObject("V2/Commons/FirstUpdateCompanyAndPersonalInfoModal/letsGetStarted_button")): Object: 'Object Repository/V2/Commons/FirstUpdateCompanyAndPersonalInfoModal/letsGetStarted_button' is clicked on

2020-09-28 07:11:23 - [MESSAGE][PASSED] - Object: 'Object Repository/V2/Commons/FirstUpdateCompanyAndPersonalInfoModal/letsGetStarted_button' is clicked on

2020-09-28 07:11:23 - [MESSAGE][PASSED] - Call Test Case 'Test Cases/V2/Test Case/Pre-conditions/PRE_SkipPersonalProfileSetup' successfully

2020-09-28 07:11:23 - [MESSAGE][PASSED] - Call Test Case 'Test Cases/V2/Test Case/Pre-conditions/PRE_RegisterAndActivateTTUsers' successfully

2020-09-28 07:11:23 - [TEST_STEP][PASSED] - closeBrowser(): Browser is closed

2020-09-28 07:11:24 - [MESSAGE][PASSED] - Browser is closed

2020-09-28 07:11:24 - [TEST_STEP][PASSED] - path = System.getProperty("user.dir"): null

2020-09-28 07:11:24 - [TEST_STEP][PASSED] - System.setProperty("webdriver.chrome.driver", getChromeDriverPath()): null

2020-09-28 07:11:24 - [TEST_STEP][PASSED] - driver1 = new org.openqa.selenium.chrome.ChromeDriver(): null

2020-09-28 07:11:27 - [TEST_STEP][PASSED] - changeWebDriver(driver1): null

2020-09-28 07:11:27 - [TEST_STEP][PASSED] - maximizeWindow(): Current window maximized

2020-09-28 07:11:29 - [MESSAGE][PASSED] - Current window maximized

2020-09-28 07:11:29 - [TEST_STEP][PASSED] - navigateToUrl(V2Url): Navigate to 'https://meetingmaster.dev02.tt-devs.com' successfully

2020-09-28 07:11:30 - [MESSAGE][PASSED] - Navigate to 'https://meetingmaster.dev02.tt-devs.com' successfully

2020-09-28 07:11:30 - [TEST_STEP][PASSED] - callTestCase(findTestCase("V2/Test Case/Pre-conditions/PRE_LoginToTractionToolsApplication"), ["username":email, "password":password], STOP_ON_FAILURE): Call Test Case 'Test Cases/V2/Test Case/Pre-conditions/PRE_LoginToTractionToolsApplication' successfully

2020-09-28 07:11:30 - [TEST_CASE][PASSED] - Test Cases/V2/Test Case/Pre-conditions/PRE_LoginToTractionToolsApplication: Test Cases/V2/Test Case/Pre-conditions/PRE_LoginToTractionToolsApplication

2020-09-28 07:11:31 - [TEST_STEP][PASSED] - waitForElementVisible(findTestObject("V2/Commons/LoginPage/input__username"), DefaultTimeout): Object 'Object Repository/V2/Commons/LoginPage/input__username' is visible

2020-09-28 07:11:38 - [MESSAGE][PASSED] - Object 'Object Repository/V2/Commons/LoginPage/input__username' is visible

2020-09-28 07:11:38 - [TEST_STEP][PASSED] - waitForElementVisible(findTestObject("V2/Commons/LoginPage/input__password"), DefaultTimeout): Object 'Object Repository/V2/Commons/LoginPage/input__password' is visible

2020-09-28 07:11:38 - [MESSAGE][PASSED] - Object 'Object Repository/V2/Commons/LoginPage/input__password' is visible

2020-09-28 07:11:38 - [TEST_STEP][PASSED] - setText(findTestObject("V2/Commons/LoginPage/input__username"), username): Text 'tractiontools.user001+ta523lqu@gmail.com' is set on object 'Object Repository/V2/Commons/LoginPage/input__username'

2020-09-28 07:11:39 - [MESSAGE][PASSED] - Text 'tractiontools.user001+ta523lqu@gmail.com' is set on object 'Object Repository/V2/Commons/LoginPage/input__username'

2020-09-28 07:11:39 - [TEST_STEP][PASSED] - setText(findTestObject("V2/Commons/LoginPage/input__password"), password): Text 'Qwer123!' is set on object 'Object Repository/V2/Commons/LoginPage/input__password'

2020-09-28 07:11:39 - [MESSAGE][PASSED] - Text 'Qwer123!' is set on object 'Object Repository/V2/Commons/LoginPage/input__password'

2020-09-28 07:11:39 - [TEST_STEP][PASSED] - click(findTestObject("V2/Commons/LoginPage/div_Login")): Object: 'Object Repository/V2/Commons/LoginPage/div_Login' is clicked on

2020-09-28 07:11:39 - [MESSAGE][PASSED] - Object: 'Object Repository/V2/Commons/LoginPage/div_Login' is clicked on

2020-09-28 07:11:39 - [TEST_STEP][PASSED] - waitForElementVisible(findTestObject("V2/Commons/DasboardPage_SidebarMenu/img_Home_logo-big"), DefaultTimeout): Object 'Object Repository/V2/Commons/DasboardPage_SidebarMenu/img_Home_logo-big' is visible

2020-09-28 07:11:42 - [MESSAGE][PASSED] - Object 'Object Repository/V2/Commons/DasboardPage_SidebarMenu/img_Home_logo-big' is visible

2020-09-28 07:11:42 - [TEST_STEP][PASSED] - verifyElementVisible(findTestObject("V2/Commons/DasboardPage_SidebarMenu/img_Home_logo-big"), STOP_ON_FAILURE): Object 'Object Repository/V2/Commons/DasboardPage_SidebarMenu/img_Home_logo-big' is visible

2020-09-28 07:11:42 - [MESSAGE][PASSED] - Object 'Object Repository/V2/Commons/DasboardPage_SidebarMenu/img_Home_logo-big' is visible

2020-09-28 07:11:42 - [MESSAGE][PASSED] - Call Test Case 'Test Cases/V2/Test Case/Pre-conditions/PRE_LoginToTractionToolsApplication' successfully

2020-09-28 07:11:42 - [TEST_STEP][PASSED] - driver2 = new org.openqa.selenium.chrome.ChromeDriver(): null

2020-09-28 07:11:45 - [TEST_STEP][PASSED] - changeWebDriver(driver2): null

2020-09-28 07:11:45 - [TEST_STEP][PASSED] - maximizeWindow(): Current window maximized

2020-09-28 07:11:47 - [MESSAGE][PASSED] - Current window maximized

2020-09-28 07:11:47 - [TEST_STEP][PASSED] - navigateToUrl(V2Url): Navigate to 'https://meetingmaster.dev02.tt-devs.com' successfully

2020-09-28 07:11:48 - [MESSAGE][PASSED] - Navigate to 'https://meetingmaster.dev02.tt-devs.com' successfully

2020-09-28 07:11:48 - [TEST_STEP][PASSED] - callTestCase(findTestCase("V2/Test Case/Pre-conditions/PRE_LoginToTractionToolsApplication"), ["username":supervisor_email, "password":password], STOP_ON_FAILURE): Call Test Case 'Test Cases/V2/Test Case/Pre-conditions/PRE_LoginToTractionToolsApplication' successfully

2020-09-28 07:11:48 - [TEST_CASE][PASSED] - Test Cases/V2/Test Case/Pre-conditions/PRE_LoginToTractionToolsApplication: Test Cases/V2/Test Case/Pre-conditions/PRE_LoginToTractionToolsApplication

2020-09-28 07:11:48 - [TEST_STEP][PASSED] - waitForElementVisible(findTestObject("V2/Commons/LoginPage/input__username"), DefaultTimeout): Object 'Object Repository/V2/Commons/LoginPage/input__username' is visible

2020-09-28 07:11:56 - [MESSAGE][PASSED] - Object 'Object Repository/V2/Commons/LoginPage/input__username' is visible

2020-09-28 07:11:56 - [TEST_STEP][PASSED] - waitForElementVisible(findTestObject("V2/Commons/LoginPage/input__password"), DefaultTimeout): Object 'Object Repository/V2/Commons/LoginPage/input__password' is visible

2020-09-28 07:11:56 - [MESSAGE][PASSED] - Object 'Object Repository/V2/Commons/LoginPage/input__password' is visible

2020-09-28 07:11:56 - [TEST_STEP][PASSED] - setText(findTestObject("V2/Commons/LoginPage/input__username"), username): Text 'tractiontools.user001+ts5ql14n@gmail.com' is set on object 'Object Repository/V2/Commons/LoginPage/input__username'

2020-09-28 07:11:56 - [MESSAGE][PASSED] - Text 'tractiontools.user001+ts5ql14n@gmail.com' is set on object 'Object Repository/V2/Commons/LoginPage/input__username'

2020-09-28 07:11:56 - [TEST_STEP][PASSED] - setText(findTestObject("V2/Commons/LoginPage/input__password"), password): Text 'Qwer123!' is set on object 'Object Repository/V2/Commons/LoginPage/input__password'

2020-09-28 07:11:56 - [MESSAGE][PASSED] - Text 'Qwer123!' is set on object 'Object Repository/V2/Commons/LoginPage/input__password'

2020-09-28 07:11:56 - [TEST_STEP][PASSED] - click(findTestObject("V2/Commons/LoginPage/div_Login")): Object: 'Object Repository/V2/Commons/LoginPage/div_Login' is clicked on

2020-09-28 07:11:57 - [MESSAGE][PASSED] - Object: 'Object Repository/V2/Commons/LoginPage/div_Login' is clicked on

2020-09-28 07:11:57 - [TEST_STEP][PASSED] - waitForElementVisible(findTestObject("V2/Commons/DasboardPage_SidebarMenu/img_Home_logo-big"), DefaultTimeout): Object 'Object Repository/V2/Commons/DasboardPage_SidebarMenu/img_Home_logo-big' is visible

2020-09-28 07:11:59 - [MESSAGE][PASSED] - Object 'Object Repository/V2/Commons/DasboardPage_SidebarMenu/img_Home_logo-big' is visible

2020-09-28 07:11:59 - [TEST_STEP][PASSED] - verifyElementVisible(findTestObject("V2/Commons/DasboardPage_SidebarMenu/img_Home_logo-big"), STOP_ON_FAILURE): Object 'Object Repository/V2/Commons/DasboardPage_SidebarMenu/img_Home_logo-big' is visible

2020-09-28 07:11:59 - [MESSAGE][PASSED] - Object 'Object Repository/V2/Commons/DasboardPage_SidebarMenu/img_Home_logo-big' is visible

2020-09-28 07:11:59 - [MESSAGE][PASSED] - Call Test Case 'Test Cases/V2/Test Case/Pre-conditions/PRE_LoginToTractionToolsApplication' successfully

2020-09-28 07:11:59 - [TEST_STEP][PASSED] - driver3 = new org.openqa.selenium.chrome.ChromeDriver(): null

2020-09-28 07:12:03 - [TEST_STEP][PASSED] - changeWebDriver(driver3): null

2020-09-28 07:12:03 - [TEST_STEP][PASSED] - maximizeWindow(): Current window maximized

2020-09-28 07:12:05 - [MESSAGE][PASSED] - Current window maximized

2020-09-28 07:12:05 - [TEST_STEP][PASSED] - navigateToUrl(V2Url): Navigate to 'https://meetingmaster.dev02.tt-devs.com' successfully

2020-09-28 07:12:06 - [MESSAGE][PASSED] - Navigate to 'https://meetingmaster.dev02.tt-devs.com' successfully

2020-09-28 07:12:06 - [TEST_STEP][PASSED] - callTestCase(findTestCase("V2/Test Case/Pre-conditions/PRE_LoginToTractionToolsApplication"), ["username":employee_email, "password":password], STOP_ON_FAILURE): Call Test Case 'Test Cases/V2/Test Case/Pre-conditions/PRE_LoginToTractionToolsApplication' successfully

2020-09-28 07:12:06 - [TEST_CASE][PASSED] - Test Cases/V2/Test Case/Pre-conditions/PRE_LoginToTractionToolsApplication: Test Cases/V2/Test Case/Pre-conditions/PRE_LoginToTractionToolsApplication

2020-09-28 07:12:06 - [TEST_STEP][PASSED] - waitForElementVisible(findTestObject("V2/Commons/LoginPage/input__username"), DefaultTimeout): Object 'Object Repository/V2/Commons/LoginPage/input__username' is visible

2020-09-28 07:12:14 - [MESSAGE][PASSED] - Object 'Object Repository/V2/Commons/LoginPage/input__username' is visible

2020-09-28 07:12:14 - [TEST_STEP][PASSED] - waitForElementVisible(findTestObject("V2/Commons/LoginPage/input__password"), DefaultTimeout): Object 'Object Repository/V2/Commons/LoginPage/input__password' is visible

2020-09-28 07:12:14 - [MESSAGE][PASSED] - Object 'Object Repository/V2/Commons/LoginPage/input__password' is visible

2020-09-28 07:12:14 - [TEST_STEP][PASSED] - setText(findTestObject("V2/Commons/LoginPage/input__username"), username): Text 'tractiontools.user001+te5a4c7j@gmail.com' is set on object 'Object Repository/V2/Commons/LoginPage/input__username'

2020-09-28 07:12:14 - [MESSAGE][PASSED] - Text 'tractiontools.user001+te5a4c7j@gmail.com' is set on object 'Object Repository/V2/Commons/LoginPage/input__username'

2020-09-28 07:12:14 - [TEST_STEP][PASSED] - setText(findTestObject("V2/Commons/LoginPage/input__password"), password): Text 'Qwer123!' is set on object 'Object Repository/V2/Commons/LoginPage/input__password'

2020-09-28 07:12:14 - [MESSAGE][PASSED] - Text 'Qwer123!' is set on object 'Object Repository/V2/Commons/LoginPage/input__password'

2020-09-28 07:12:14 - [TEST_STEP][PASSED] - click(findTestObject("V2/Commons/LoginPage/div_Login")): Object: 'Object Repository/V2/Commons/LoginPage/div_Login' is clicked on

2020-09-28 07:12:14 - [MESSAGE][PASSED] - Object: 'Object Repository/V2/Commons/LoginPage/div_Login' is clicked on

2020-09-28 07:12:14 - [TEST_STEP][PASSED] - waitForElementVisible(findTestObject("V2/Commons/DasboardPage_SidebarMenu/img_Home_logo-big"), DefaultTimeout): Object 'Object Repository/V2/Commons/DasboardPage_SidebarMenu/img_Home_logo-big' is visible

2020-09-28 07:12:17 - [MESSAGE][PASSED] - Object 'Object Repository/V2/Commons/DasboardPage_SidebarMenu/img_Home_logo-big' is visible

2020-09-28 07:12:17 - [TEST_STEP][PASSED] - verifyElementVisible(findTestObject("V2/Commons/DasboardPage_SidebarMenu/img_Home_logo-big"), STOP_ON_FAILURE): Object 'Object Repository/V2/Commons/DasboardPage_SidebarMenu/img_Home_logo-big' is visible

2020-09-28 07:12:17 - [MESSAGE][PASSED] - Object 'Object Repository/V2/Commons/DasboardPage_SidebarMenu/img_Home_logo-big' is visible

2020-09-28 07:12:17 - [MESSAGE][PASSED] - Call Test Case 'Test Cases/V2/Test Case/Pre-conditions/PRE_LoginToTractionToolsApplication' successfully

2020-09-28 07:12:17 - [TEST_STEP][PASSED] - changeWebDriver(driver1): null

2020-09-28 07:12:17 - [TEST_STEP][PASSED] - callTestCase(findTestCase("V2/Test Case/Pre-conditions/PRE_CreateL10Meeting"), ["meetingName":meetingName, "meetingAcronym":meetingAcronym, "meetingType":meetingType, "dropdownOptions_obj":"//div[@id='CREATE_MEETING_L10']//span[text()='%s']/parent::div[@role='option']", ... ], STOP_ON_FAILURE): Call Test Case 'Test Cases/V2/Test Case/Pre-conditions/PRE_CreateL10Meeting' successfully

2020-09-28 07:12:17 - [TEST_CASE][PASSED] - Test Cases/V2/Test Case/Pre-conditions/PRE_CreateL10Meeting: Test Cases/V2/Test Case/Pre-conditions/PRE_CreateL10Meeting

2020-09-28 07:12:18 - [TEST_STEP][PASSED] - click(findTestObject("V2/Commons/DasboardPage_SidebarMenu/MeetingsMenu")): Object: 'Object Repository/V2/Commons/DasboardPage_SidebarMenu/MeetingsMenu' is clicked on

2020-09-28 07:12:18 - [MESSAGE][PASSED] - Object: 'Object Repository/V2/Commons/DasboardPage_SidebarMenu/MeetingsMenu' is clicked on

2020-09-28 07:12:18 - [TEST_STEP][PASSED] - click(findTestObject("Object Repository/V2/Commons/MeetingListPage/div_Create a meeting")): Object: 'Object Repository/V2/Commons/MeetingListPage/div_Create a meeting' is clicked on

2020-09-28 07:12:18 - [MESSAGE][PASSED] - Object: 'Object Repository/V2/Commons/MeetingListPage/div_Create a meeting' is clicked on

2020-09-28 07:12:18 - [TEST_STEP][PASSED] - click(findTestObject("Object Repository/V2/Commons/MeetingListPage/button_Level 10")): Object: 'Object Repository/V2/Commons/MeetingListPage/button_Level 10' is clicked on

2020-09-28 07:12:18 - [MESSAGE][PASSED] - Object: 'Object Repository/V2/Commons/MeetingListPage/button_Level 10' is clicked on

2020-09-28 07:12:18 - [TEST_STEP][PASSED] - waitForElementVisible(findTestObject("V2/Commons/CreateL10MeetingDrawer/input__name"), DefaultTimeout): Object 'Object Repository/V2/Commons/CreateL10MeetingDrawer/input__name' is visible

2020-09-28 07:12:18 - [MESSAGE][PASSED] - Object 'Object Repository/V2/Commons/CreateL10MeetingDrawer/input__name' is visible

2020-09-28 07:12:18 - [TEST_STEP][PASSED] - setText(findTestObject("V2/Commons/CreateL10MeetingDrawer/input__name"), meetingName): Text 'Meeting Admin' is set on object 'Object Repository/V2/Commons/CreateL10MeetingDrawer/input__name'

2020-09-28 07:12:18 - [MESSAGE][PASSED] - Text 'Meeting Admin' is set on object 'Object Repository/V2/Commons/CreateL10MeetingDrawer/input__name'

2020-09-28 07:12:18 - [TEST_STEP][PASSED] - setText(findTestObject("V2/Commons/CreateL10MeetingDrawer/input__acronym"), meetingAcronym): Text 'CL10' is set on object 'Object Repository/V2/Commons/CreateL10MeetingDrawer/input__acronym'

2020-09-28 07:12:19 - [MESSAGE][PASSED] - Text 'CL10' is set on object 'Object Repository/V2/Commons/CreateL10MeetingDrawer/input__acronym'

2020-09-28 07:12:19 - [TEST_STEP][PASSED] - click(findTestObject("V2/Commons/CreateL10MeetingDrawer/input__typeOfMeeting")): Object: 'Object Repository/V2/Commons/CreateL10MeetingDrawer/input__typeOfMeeting' is clicked on

2020-09-28 07:12:19 - [MESSAGE][PASSED] - Object: 'Object Repository/V2/Commons/CreateL10MeetingDrawer/input__typeOfMeeting' is clicked on

2020-09-28 07:12:19 - [TEST_STEP][PASSED] - meetingTypeOption_Obj = tt_CustomKeywords.CustomKeywords.CreateDynamicElement(dropdownOptions_obj, meetingType, "xpath"): Successfully created new dynamic object: //div[@id='CREATE_MEETING_L10']//span[text()='Leadership']/parent::div[@role='option']

2020-09-28 07:12:19 - [MESSAGE][PASSED] - Successfully created new dynamic object: //div[@id='CREATE_MEETING_L10']//span[text()='Leadership']/parent::div[@role='option']

2020-09-28 07:12:19 - [TEST_STEP][PASSED] - click(meetingTypeOption_Obj): Object: '' is clicked on

2020-09-28 07:12:19 - [MESSAGE][PASSED] - Object: '' is clicked on

2020-09-28 07:12:19 - [TEST_STEP][PASSED] - click(findTestObject("V2/Commons/CreateL10MeetingDrawer/div_dayOfMeetingDropdownList")): Object: 'Object Repository/V2/Commons/CreateL10MeetingDrawer/div_dayOfMeetingDropdownList' is clicked on

2020-09-28 07:12:19 - [MESSAGE][PASSED] - Object: 'Object Repository/V2/Commons/CreateL10MeetingDrawer/div_dayOfMeetingDropdownList' is clicked on

2020-09-28 07:12:19 - [TEST_STEP][PASSED] - dayOfMeetingOption_Obj = tt_CustomKeywords.CustomKeywords.CreateDynamicElement(dropdownOptions_obj, dayOfMeeting, "xpath"): Successfully created new dynamic object: //div[@id='CREATE_MEETING_L10']//span[text()='Monday']/parent::div[@role='option']

2020-09-28 07:12:19 - [MESSAGE][PASSED] - Successfully created new dynamic object: //div[@id='CREATE_MEETING_L10']//span[text()='Monday']/parent::div[@role='option']

2020-09-28 07:12:19 - [TEST_STEP][PASSED] - click(dayOfMeetingOption_Obj): Object: '' is clicked on

2020-09-28 07:12:19 - [MESSAGE][PASSED] - Object: '' is clicked on

2020-09-28 07:12:19 - [TEST_STEP][PASSED] - click(findTestObject("V2/Commons/CreateL10MeetingDrawer/input_meetingTime")): Object: 'Object Repository/V2/Commons/CreateL10MeetingDrawer/input_meetingTime' is clicked on

2020-09-28 07:12:19 - [MESSAGE][PASSED] - Object: 'Object Repository/V2/Commons/CreateL10MeetingDrawer/input_meetingTime' is clicked on

2020-09-28 07:12:19 - [TEST_STEP][PASSED] - setText(findTestObject("V2/Commons/CreateL10MeetingDrawer/input_meetingTime"), meetingTime): Text '12:00' is set on object 'Object Repository/V2/Commons/CreateL10MeetingDrawer/input_meetingTime'

2020-09-28 07:12:19 - [MESSAGE][PASSED] - Text '12:00' is set on object 'Object Repository/V2/Commons/CreateL10MeetingDrawer/input_meetingTime'

2020-09-28 07:12:19 - [TEST_STEP][PASSED] - sendKeys(findTestObject("V2/Commons/CreateL10MeetingDrawer/input_meetingTime"), Keys.chord(TAB)): Keys 'TAB + ' sent to object: 'Object Repository/V2/Commons/CreateL10MeetingDrawer/input_meetingTime'

2020-09-28 07:12:19 - [MESSAGE][PASSED] - Keys 'TAB + ' sent to object: 'Object Repository/V2/Commons/CreateL10MeetingDrawer/input_meetingTime'

2020-09-28 07:12:19 - [TEST_STEP][PASSED] - click(findTestObject("V2/Commons/CreateL10MeetingDrawer/div_Create Meeting")): Object: 'Object Repository/V2/Commons/CreateL10MeetingDrawer/div_Create Meeting' is clicked on

2020-09-28 07:12:19 - [MESSAGE][PASSED] - Object: 'Object Repository/V2/Commons/CreateL10MeetingDrawer/div_Create Meeting' is clicked on

2020-09-28 07:12:19 - [TEST_STEP][PASSED] - waitForElementVisible(findTestObject("Object Repository/V2/Commons/MeetingListPage/div_Ill do this later"), DefaultTimeout): Object 'Object Repository/V2/Commons/MeetingListPage/div_Ill do this later' is visible

2020-09-28 07:12:25 - [MESSAGE][PASSED] - Object 'Object Repository/V2/Commons/MeetingListPage/div_Ill do this later' is visible

2020-09-28 07:12:25 - [TEST_STEP][PASSED] - verifyElementVisible(findTestObject("Object Repository/V2/Commons/MeetingListPage/div_Ill do this later"), STOP_ON_FAILURE): Object 'Object Repository/V2/Commons/MeetingListPage/div_Ill do this later' is visible

2020-09-28 07:12:25 - [MESSAGE][PASSED] - Object 'Object Repository/V2/Commons/MeetingListPage/div_Ill do this later' is visible

2020-09-28 07:12:25 - [TEST_STEP][PASSED] - click(findTestObject("Object Repository/V2/Commons/MeetingListPage/div_Ill do this later")): Object: 'Object Repository/V2/Commons/MeetingListPage/div_Ill do this later' is clicked on

2020-09-28 07:12:26 - [MESSAGE][PASSED] - Object: 'Object Repository/V2/Commons/MeetingListPage/div_Ill do this later' is clicked on

2020-09-28 07:12:26 - [TEST_STEP][NOT_RUN] - meetingRecordObj = tt_CustomKeywords.CustomKeywords.CreateDynamicElement(meetingRecord_obj, meetingName, "xpath"): NOT_RUN: meetingRecordObj = tt_CustomKeywords.CustomKeywords.CreateDynamicElement(meetingRecord_obj, meetingName, "xpath")

2020-09-28 07:12:26 - [MESSAGE][NOT_RUN] - NOT_RUN: meetingRecordObj = tt_CustomKeywords.CustomKeywords.CreateDynamicElement(meetingRecord_obj, meetingName, "xpath")

2020-09-28 07:12:26 - [TEST_STEP][PASSED] - waitForElementPresent(findTestObject("V2/Commons/MeetingListPage/D_meetingRecord_meetingName_h2", ["meetingName":meetingName]), DefaultTimeout): Object 'Object Repository/V2/Commons/MeetingListPage/D_meetingRecord_meetingName_h2' is present

2020-09-28 07:12:26 - [MESSAGE][PASSED] - Object 'Object Repository/V2/Commons/MeetingListPage/D_meetingRecord_meetingName_h2' is present

2020-09-28 07:12:26 - [TEST_STEP][PASSED] - verifyElementVisible(findTestObject("V2/Commons/MeetingListPage/D_meetingRecord_meetingName_h2", ["meetingName":meetingName]), STOP_ON_FAILURE): Object 'Object Repository/V2/Commons/MeetingListPage/D_meetingRecord_meetingName_h2' is visible

2020-09-28 07:12:26 - [MESSAGE][PASSED] - Object 'Object Repository/V2/Commons/MeetingListPage/D_meetingRecord_meetingName_h2' is visible

2020-09-28 07:12:26 - [MESSAGE][PASSED] - Call Test Case 'Test Cases/V2/Test Case/Pre-conditions/PRE_CreateL10Meeting' successfully

2020-09-28 07:12:26 - [TEST_STEP][PASSED] - callTestCase(findTestCase("V2/Test Case/Pre-conditions/PRE_AddAllAttendeesToMeeting"), ["meetingName":meetingName, "firstname":supervisor_fname, "lastname":lastname, "userOptionObj":"//span[text()='%s']/parent::div[@role='option']", ... ], STOP_ON_FAILURE): Call Test Case 'Test Cases/V2/Test Case/Pre-conditions/PRE_AddAllAttendeesToMeeting' successfully

2020-09-28 07:12:26 - [TEST_CASE][PASSED] - Test Cases/V2/Test Case/Pre-conditions/PRE_AddAllAttendeesToMeeting: Test Cases/V2/Test Case/Pre-conditions/PRE_AddAllAttendeesToMeeting

2020-09-28 07:12:26 - [TEST_STEP][PASSED] - click(findTestObject("V2/Commons/DasboardPage_SidebarMenu/MeetingsMenu")): Object: 'Object Repository/V2/Commons/DasboardPage_SidebarMenu/MeetingsMenu' is clicked on

2020-09-28 07:12:26 - [MESSAGE][PASSED] - Object: 'Object Repository/V2/Commons/DasboardPage_SidebarMenu/MeetingsMenu' is clicked on

2020-09-28 07:12:26 - [TEST_STEP][PASSED] - attendee_fullname = firstname + " " + lastname: null

2020-09-28 07:12:26 - [TEST_STEP][NOT_RUN] - meetingOpt_Obj = tt_CustomKeywords.CustomKeywords.CreateDynamicElement(meetingOptions_obj, meetingName, "xpath"): NOT_RUN: meetingOpt_Obj = tt_CustomKeywords.CustomKeywords.CreateDynamicElement(meetingOptions_obj, meetingName, "xpath")

2020-09-28 07:12:26 - [MESSAGE][NOT_RUN] - NOT_RUN: meetingOpt_Obj = tt_CustomKeywords.CustomKeywords.CreateDynamicElement(meetingOptions_obj, meetingName, "xpath")

2020-09-28 07:12:26 - [TEST_STEP][NOT_RUN] - click(meetingOpt_Obj): NOT_RUN: click(meetingOpt_Obj)

2020-09-28 07:12:26 - [MESSAGE][NOT_RUN] - NOT_RUN: click(meetingOpt_Obj)

2020-09-28 07:12:26 - [TEST_STEP][PASSED] - click(findTestObject("V2/Commons/MeetingListPage/D_meetingRecord_3DotsOption_div", ["meetingName":meetingName]), STOP_ON_FAILURE): Object: 'Object Repository/V2/Commons/MeetingListPage/D_meetingRecord_3DotsOption_div' is clicked on

2020-09-28 07:12:26 - [MESSAGE][PASSED] - Object: 'Object Repository/V2/Commons/MeetingListPage/D_meetingRecord_3DotsOption_div' is clicked on

2020-09-28 07:12:26 - [TEST_STEP][PASSED] - click(findTestObject("V2/Commons/MeetingListPage/a_Edit meeting")): Object: 'Object Repository/V2/Commons/MeetingListPage/a_Edit meeting' is clicked on

2020-09-28 07:12:26 - [MESSAGE][PASSED] - Object: 'Object Repository/V2/Commons/MeetingListPage/a_Edit meeting' is clicked on

2020-09-28 07:12:26 - [TEST_STEP][PASSED] - waitForElementPresent(findTestObject("V2/Commons/EditMeetingPage/div_Add users"), DefaultTimeout): Object 'Object Repository/V2/Commons/EditMeetingPage/div_Add users' is present

2020-09-28 07:12:28 - [MESSAGE][PASSED] - Object 'Object Repository/V2/Commons/EditMeetingPage/div_Add users' is present

2020-09-28 07:12:28 - [TEST_STEP][PASSED] - delay(5): Delayed 5 second(s)

2020-09-28 07:12:33 - [MESSAGE][PASSED] - Delayed 5 second(s)

2020-09-28 07:12:33 - [TEST_STEP][PASSED] - click(findTestObject("V2/Commons/EditMeetingPage/div_Add users")): Object: 'Object Repository/V2/Commons/EditMeetingPage/div_Add users' is clicked on

2020-09-28 07:12:33 - [MESSAGE][PASSED] - Object: 'Object Repository/V2/Commons/EditMeetingPage/div_Add users' is clicked on

2020-09-28 07:12:33 - [TEST_STEP][PASSED] - delay(5): Delayed 5 second(s)

2020-09-28 07:12:38 - [MESSAGE][PASSED] - Delayed 5 second(s)

2020-09-28 07:12:38 - [TEST_STEP][PASSED] - click(findTestObject("V2/Commons/EditMeetingPage/AddAttendeeUserDropdown")): Object: 'Object Repository/V2/Commons/EditMeetingPage/AddAttendeeUserDropdown' is clicked on

2020-09-28 07:12:38 - [MESSAGE][PASSED] - Object: 'Object Repository/V2/Commons/EditMeetingPage/AddAttendeeUserDropdown' is clicked on

2020-09-28 07:12:38 - [TEST_STEP][PASSED] - attendeeOpt_Obj = tt_CustomKeywords.CustomKeywords.CreateDynamicElement(userOptionObj, attendee_fullname, "xpath"): Successfully created new dynamic object: //span[text()='Supervisor User']/parent::div[@role='option']

2020-09-28 07:12:38 - [MESSAGE][PASSED] - Successfully created new dynamic object: //span[text()='Supervisor User']/parent::div[@role='option']

2020-09-28 07:12:38 - [TEST_STEP][PASSED] - attendeeObjCount = tt_CustomKeywords.CustomKeywords.CountElementInWebPageByDynamicElement(userOptionObj, attendee_fullname, "xpath"): Successfully get the element count. 
Element occurences in Webpage: 2

2020-09-28 07:12:38 - [MESSAGE][PASSED] - Successfully get the element count. 
Element occurences in Webpage: 2

2020-09-28 07:12:38 - [TEST_STEP][PASSED] - attendeeOptSCount = attendeeObjCount.toString(): null

2020-09-28 07:12:38 - [TEST_STEP][PASSED] - out.println(attendeeOptSCount): null

2020-09-28 07:12:38 - [TEST_STEP][PASSED] - attendeeObj_Xpath = attendeeOpt_Obj.findPropertyValue("xpath"): null

2020-09-28 07:12:38 - [TEST_STEP][PASSED] - newAttendeeOpt = "(" + attendeeObj_Xpath + ")[%s]": null

2020-09-28 07:12:38 - [TEST_STEP][PASSED] - out.println(newAttendeeOpt): null

2020-09-28 07:12:38 - [TEST_STEP][PASSED] - newAttendeeOpt_Obj = tt_CustomKeywords.CustomKeywords.CreateDynamicElement(newAttendeeOpt, attendeeOptSCount, "xpath"): Successfully created new dynamic object: (//span[text()='Supervisor User']/parent::div[@role='option'])[2]

2020-09-28 07:12:38 - [MESSAGE][PASSED] - Successfully created new dynamic object: (//span[text()='Supervisor User']/parent::div[@role='option'])[2]

2020-09-28 07:12:38 - [TEST_STEP][PASSED] - click(newAttendeeOpt_Obj): Object: '' is clicked on

2020-09-28 07:12:38 - [MESSAGE][PASSED] - Object: '' is clicked on

2020-09-28 07:12:38 - [TEST_STEP][PASSED] - delay(2): Delayed 2 second(s)

2020-09-28 07:12:40 - [MESSAGE][PASSED] - Delayed 2 second(s)

2020-09-28 07:12:40 - [TEST_STEP][PASSED] - waitForElementPresent(findTestObject("V2/Commons/EditMeetingPage/AddAttendeeSuccessNotif"), DefaultTimeout): Object 'Object Repository/V2/Commons/EditMeetingPage/AddAttendeeSuccessNotif' is present

2020-09-28 07:12:40 - [MESSAGE][PASSED] - Object 'Object Repository/V2/Commons/EditMeetingPage/AddAttendeeSuccessNotif' is present

2020-09-28 07:12:40 - [TEST_STEP][PASSED] - verifyElementPresent(findTestObject("V2/Commons/EditMeetingPage/AddAttendeeSuccessNotif"), DefaultTimeout): Object 'Object Repository/V2/Commons/EditMeetingPage/AddAttendeeSuccessNotif' is present

2020-09-28 07:12:41 - [MESSAGE][PASSED] - Object 'Object Repository/V2/Commons/EditMeetingPage/AddAttendeeSuccessNotif' is present

2020-09-28 07:12:41 - [TEST_STEP][PASSED] - permissionDrop_Obj = tt_CustomKeywords.CustomKeywords.CreateDynamicElement(permissionDropObj, attendee_fullname, "xpath"): Successfully created new dynamic object: //div[@role='alert' and text()='Supervisor User']/ancestor::div[@class='editAttendees__item']//button[contains(@aria-label,'assign')]/parent::div

2020-09-28 07:12:41 - [MESSAGE][PASSED] - Successfully created new dynamic object: //div[@role='alert' and text()='Supervisor User']/ancestor::div[@class='editAttendees__item']//button[contains(@aria-label,'assign')]/parent::div

2020-09-28 07:12:41 - [TEST_STEP][PASSED] - click(permissionDrop_Obj): Object: '' is clicked on

2020-09-28 07:12:41 - [MESSAGE][PASSED] - Object: '' is clicked on

2020-09-28 07:12:41 - [TEST_STEP][PASSED] - delay(2): Delayed 2 second(s)

2020-09-28 07:12:43 - [MESSAGE][PASSED] - Delayed 2 second(s)

2020-09-28 07:12:43 - [TEST_STEP][PASSED] - permissionDropOpt_Obj_MA = tt_CustomKeywords.CustomKeywords.CreateDynamicElement(permissionDropOptObj_MA, attendee_fullname, "xpath"): Successfully created new dynamic object: //div[@role='alert' and text()='Supervisor User']/ancestor::div[@class='editAttendees__item']//span[text()='Meeting Admin']/parent::div

2020-09-28 07:12:43 - [MESSAGE][PASSED] - Successfully created new dynamic object: //div[@role='alert' and text()='Supervisor User']/ancestor::div[@class='editAttendees__item']//span[text()='Meeting Admin']/parent::div

2020-09-28 07:12:43 - [TEST_STEP][PASSED] - permissionDropOpt_Obj_FE = tt_CustomKeywords.CustomKeywords.CreateDynamicElement(permissionDropOptObj_FE, attendee_fullname, "xpath"): Successfully created new dynamic object: //div[@role='alert' and text()='Supervisor User']/ancestor::div[@class='editAttendees__item']//span[text()='Full editor']/parent::div

2020-09-28 07:12:43 - [MESSAGE][PASSED] - Successfully created new dynamic object: //div[@role='alert' and text()='Supervisor User']/ancestor::div[@class='editAttendees__item']//span[text()='Full editor']/parent::div

2020-09-28 07:12:43 - [TEST_STEP][PASSED] - permissionDropOpt_Obj_BE = tt_CustomKeywords.CustomKeywords.CreateDynamicElement(permissionDropOptObj_BE, attendee_fullname, "xpath"): Successfully created new dynamic object: //div[@role='alert' and text()='Supervisor User']/ancestor::div[@class='editAttendees__item']//span[text()='Basic editor']/parent::div

2020-09-28 07:12:43 - [MESSAGE][PASSED] - Successfully created new dynamic object: //div[@role='alert' and text()='Supervisor User']/ancestor::div[@class='editAttendees__item']//span[text()='Basic editor']/parent::div

2020-09-28 07:12:43 - [TEST_STEP][PASSED] - if (permission == "Meeting Admin"): null

2020-09-28 07:12:43 - [TEST_STEP][PASSED] - if (permission == "Full editor"): null

2020-09-28 07:12:43 - [TEST_STEP][PASSED] - if (permission == "Basic editor"): null

2020-09-28 07:12:43 - [TEST_STEP][PASSED] - verifyElementPresent(findTestObject("V2/Commons/DasboardPage_SidebarMenu/MeetingsMenu"), DefaultTimeout): Object 'Object Repository/V2/Commons/DasboardPage_SidebarMenu/MeetingsMenu' is present

2020-09-28 07:12:43 - [MESSAGE][PASSED] - Object 'Object Repository/V2/Commons/DasboardPage_SidebarMenu/MeetingsMenu' is present

2020-09-28 07:12:43 - [TEST_STEP][PASSED] - click(findTestObject("V2/Commons/DasboardPage_SidebarMenu/MeetingsMenu")): Object: 'Object Repository/V2/Commons/DasboardPage_SidebarMenu/MeetingsMenu' is clicked on

2020-09-28 07:12:43 - [MESSAGE][PASSED] - Object: 'Object Repository/V2/Commons/DasboardPage_SidebarMenu/MeetingsMenu' is clicked on

2020-09-28 07:12:43 - [TEST_STEP][PASSED] - waitForElementNotPresent(findTestObject("V2/Commons/EditMeetingPage/AddAttendeeSuccessNotif"), DefaultTimeout): Web element with id: 'Object Repository/V2/Commons/EditMeetingPage/AddAttendeeSuccessNotif' located by 'By.xpath: //h3[text()='New attendee added!']' is not present after '60' second(s)

2020-09-28 07:12:47 - [MESSAGE][PASSED] - Web element with id: 'Object Repository/V2/Commons/EditMeetingPage/AddAttendeeSuccessNotif' located by 'By.xpath: //h3[text()='New attendee added!']' is not present after '60' second(s)

2020-09-28 07:12:47 - [MESSAGE][PASSED] - Call Test Case 'Test Cases/V2/Test Case/Pre-conditions/PRE_AddAllAttendeesToMeeting' successfully

2020-09-28 07:12:47 - [TEST_STEP][PASSED] - callTestCase(findTestCase("V2/Test Case/Pre-conditions/PRE_AddAllAttendeesToMeeting"), ["meetingName":meetingName, "firstname":employee_fname, "lastname":lastname, "userOptionObj":"//span[text()='%s']/parent::div[@role='option']", ... ], STOP_ON_FAILURE): Call Test Case 'Test Cases/V2/Test Case/Pre-conditions/PRE_AddAllAttendeesToMeeting' successfully

2020-09-28 07:12:47 - [TEST_CASE][PASSED] - Test Cases/V2/Test Case/Pre-conditions/PRE_AddAllAttendeesToMeeting: Test Cases/V2/Test Case/Pre-conditions/PRE_AddAllAttendeesToMeeting

2020-09-28 07:12:47 - [TEST_STEP][PASSED] - click(findTestObject("V2/Commons/DasboardPage_SidebarMenu/MeetingsMenu")): Object: 'Object Repository/V2/Commons/DasboardPage_SidebarMenu/MeetingsMenu' is clicked on

2020-09-28 07:12:47 - [MESSAGE][PASSED] - Object: 'Object Repository/V2/Commons/DasboardPage_SidebarMenu/MeetingsMenu' is clicked on

2020-09-28 07:12:47 - [TEST_STEP][PASSED] - attendee_fullname = firstname + " " + lastname: null

2020-09-28 07:12:47 - [TEST_STEP][NOT_RUN] - meetingOpt_Obj = tt_CustomKeywords.CustomKeywords.CreateDynamicElement(meetingOptions_obj, meetingName, "xpath"): NOT_RUN: meetingOpt_Obj = tt_CustomKeywords.CustomKeywords.CreateDynamicElement(meetingOptions_obj, meetingName, "xpath")

2020-09-28 07:12:47 - [MESSAGE][NOT_RUN] - NOT_RUN: meetingOpt_Obj = tt_CustomKeywords.CustomKeywords.CreateDynamicElement(meetingOptions_obj, meetingName, "xpath")

2020-09-28 07:12:47 - [TEST_STEP][NOT_RUN] - click(meetingOpt_Obj): NOT_RUN: click(meetingOpt_Obj)

2020-09-28 07:12:47 - [MESSAGE][NOT_RUN] - NOT_RUN: click(meetingOpt_Obj)

2020-09-28 07:12:47 - [TEST_STEP][PASSED] - click(findTestObject("V2/Commons/MeetingListPage/D_meetingRecord_3DotsOption_div", ["meetingName":meetingName]), STOP_ON_FAILURE): Object: 'Object Repository/V2/Commons/MeetingListPage/D_meetingRecord_3DotsOption_div' is clicked on

2020-09-28 07:12:47 - [MESSAGE][PASSED] - Object: 'Object Repository/V2/Commons/MeetingListPage/D_meetingRecord_3DotsOption_div' is clicked on

2020-09-28 07:12:47 - [TEST_STEP][PASSED] - click(findTestObject("V2/Commons/MeetingListPage/a_Edit meeting")): Object: 'Object Repository/V2/Commons/MeetingListPage/a_Edit meeting' is clicked on

2020-09-28 07:12:47 - [MESSAGE][PASSED] - Object: 'Object Repository/V2/Commons/MeetingListPage/a_Edit meeting' is clicked on

2020-09-28 07:12:47 - [TEST_STEP][PASSED] - waitForElementPresent(findTestObject("V2/Commons/EditMeetingPage/div_Add users"), DefaultTimeout): Object 'Object Repository/V2/Commons/EditMeetingPage/div_Add users' is present

2020-09-28 07:12:47 - [MESSAGE][PASSED] - Object 'Object Repository/V2/Commons/EditMeetingPage/div_Add users' is present

2020-09-28 07:12:47 - [TEST_STEP][PASSED] - delay(5): Delayed 5 second(s)

2020-09-28 07:12:52 - [MESSAGE][PASSED] - Delayed 5 second(s)

2020-09-28 07:12:52 - [TEST_STEP][PASSED] - click(findTestObject("V2/Commons/EditMeetingPage/div_Add users")): Object: 'Object Repository/V2/Commons/EditMeetingPage/div_Add users' is clicked on

2020-09-28 07:12:52 - [MESSAGE][PASSED] - Object: 'Object Repository/V2/Commons/EditMeetingPage/div_Add users' is clicked on

2020-09-28 07:12:52 - [TEST_STEP][PASSED] - delay(5): Delayed 5 second(s)

2020-09-28 07:12:57 - [MESSAGE][PASSED] - Delayed 5 second(s)

2020-09-28 07:12:57 - [TEST_STEP][PASSED] - click(findTestObject("V2/Commons/EditMeetingPage/AddAttendeeUserDropdown")): Object: 'Object Repository/V2/Commons/EditMeetingPage/AddAttendeeUserDropdown' is clicked on

2020-09-28 07:12:57 - [MESSAGE][PASSED] - Object: 'Object Repository/V2/Commons/EditMeetingPage/AddAttendeeUserDropdown' is clicked on

2020-09-28 07:12:57 - [TEST_STEP][PASSED] - attendeeOpt_Obj = tt_CustomKeywords.CustomKeywords.CreateDynamicElement(userOptionObj, attendee_fullname, "xpath"): Successfully created new dynamic object: //span[text()='Employee User']/parent::div[@role='option']

2020-09-28 07:12:57 - [MESSAGE][PASSED] - Successfully created new dynamic object: //span[text()='Employee User']/parent::div[@role='option']

2020-09-28 07:12:57 - [TEST_STEP][PASSED] - attendeeObjCount = tt_CustomKeywords.CustomKeywords.CountElementInWebPageByDynamicElement(userOptionObj, attendee_fullname, "xpath"): Successfully get the element count. 
Element occurences in Webpage: 3

2020-09-28 07:12:57 - [MESSAGE][PASSED] - Successfully get the element count. 
Element occurences in Webpage: 3

2020-09-28 07:12:57 - [TEST_STEP][PASSED] - attendeeOptSCount = attendeeObjCount.toString(): null

2020-09-28 07:12:57 - [TEST_STEP][PASSED] - out.println(attendeeOptSCount): null

2020-09-28 07:12:57 - [TEST_STEP][PASSED] - attendeeObj_Xpath = attendeeOpt_Obj.findPropertyValue("xpath"): null

2020-09-28 07:12:57 - [TEST_STEP][PASSED] - newAttendeeOpt = "(" + attendeeObj_Xpath + ")[%s]": null

2020-09-28 07:12:57 - [TEST_STEP][PASSED] - out.println(newAttendeeOpt): null

2020-09-28 07:12:57 - [TEST_STEP][PASSED] - newAttendeeOpt_Obj = tt_CustomKeywords.CustomKeywords.CreateDynamicElement(newAttendeeOpt, attendeeOptSCount, "xpath"): Successfully created new dynamic object: (//span[text()='Employee User']/parent::div[@role='option'])[3]

2020-09-28 07:12:57 - [MESSAGE][PASSED] - Successfully created new dynamic object: (//span[text()='Employee User']/parent::div[@role='option'])[3]

2020-09-28 07:12:57 - [TEST_STEP][PASSED] - click(newAttendeeOpt_Obj): Object: '' is clicked on

2020-09-28 07:12:58 - [MESSAGE][PASSED] - Object: '' is clicked on

2020-09-28 07:12:58 - [TEST_STEP][PASSED] - delay(2): Delayed 2 second(s)

2020-09-28 07:13:00 - [MESSAGE][PASSED] - Delayed 2 second(s)

2020-09-28 07:13:00 - [TEST_STEP][PASSED] - waitForElementPresent(findTestObject("V2/Commons/EditMeetingPage/AddAttendeeSuccessNotif"), DefaultTimeout): Object 'Object Repository/V2/Commons/EditMeetingPage/AddAttendeeSuccessNotif' is present

2020-09-28 07:13:00 - [MESSAGE][PASSED] - Object 'Object Repository/V2/Commons/EditMeetingPage/AddAttendeeSuccessNotif' is present

2020-09-28 07:13:00 - [TEST_STEP][PASSED] - verifyElementPresent(findTestObject("V2/Commons/EditMeetingPage/AddAttendeeSuccessNotif"), DefaultTimeout): Object 'Object Repository/V2/Commons/EditMeetingPage/AddAttendeeSuccessNotif' is present

2020-09-28 07:13:00 - [MESSAGE][PASSED] - Object 'Object Repository/V2/Commons/EditMeetingPage/AddAttendeeSuccessNotif' is present

2020-09-28 07:13:00 - [TEST_STEP][PASSED] - permissionDrop_Obj = tt_CustomKeywords.CustomKeywords.CreateDynamicElement(permissionDropObj, attendee_fullname, "xpath"): Successfully created new dynamic object: //div[@role='alert' and text()='Employee User']/ancestor::div[@class='editAttendees__item']//button[contains(@aria-label,'assign')]/parent::div

2020-09-28 07:13:00 - [MESSAGE][PASSED] - Successfully created new dynamic object: //div[@role='alert' and text()='Employee User']/ancestor::div[@class='editAttendees__item']//button[contains(@aria-label,'assign')]/parent::div

2020-09-28 07:13:00 - [TEST_STEP][PASSED] - click(permissionDrop_Obj): Object: '' is clicked on

2020-09-28 07:13:00 - [MESSAGE][PASSED] - Object: '' is clicked on

2020-09-28 07:13:00 - [TEST_STEP][PASSED] - delay(2): Delayed 2 second(s)

2020-09-28 07:13:02 - [MESSAGE][PASSED] - Delayed 2 second(s)

2020-09-28 07:13:02 - [TEST_STEP][PASSED] - permissionDropOpt_Obj_MA = tt_CustomKeywords.CustomKeywords.CreateDynamicElement(permissionDropOptObj_MA, attendee_fullname, "xpath"): Successfully created new dynamic object: //div[@role='alert' and text()='Employee User']/ancestor::div[@class='editAttendees__item']//span[text()='Meeting Admin']/parent::div

2020-09-28 07:13:02 - [MESSAGE][PASSED] - Successfully created new dynamic object: //div[@role='alert' and text()='Employee User']/ancestor::div[@class='editAttendees__item']//span[text()='Meeting Admin']/parent::div

2020-09-28 07:13:02 - [TEST_STEP][PASSED] - permissionDropOpt_Obj_FE = tt_CustomKeywords.CustomKeywords.CreateDynamicElement(permissionDropOptObj_FE, attendee_fullname, "xpath"): Successfully created new dynamic object: //div[@role='alert' and text()='Employee User']/ancestor::div[@class='editAttendees__item']//span[text()='Full editor']/parent::div

2020-09-28 07:13:02 - [MESSAGE][PASSED] - Successfully created new dynamic object: //div[@role='alert' and text()='Employee User']/ancestor::div[@class='editAttendees__item']//span[text()='Full editor']/parent::div

2020-09-28 07:13:02 - [TEST_STEP][PASSED] - permissionDropOpt_Obj_BE = tt_CustomKeywords.CustomKeywords.CreateDynamicElement(permissionDropOptObj_BE, attendee_fullname, "xpath"): Successfully created new dynamic object: //div[@role='alert' and text()='Employee User']/ancestor::div[@class='editAttendees__item']//span[text()='Basic editor']/parent::div

2020-09-28 07:13:02 - [MESSAGE][PASSED] - Successfully created new dynamic object: //div[@role='alert' and text()='Employee User']/ancestor::div[@class='editAttendees__item']//span[text()='Basic editor']/parent::div

2020-09-28 07:13:02 - [TEST_STEP][PASSED] - if (permission == "Meeting Admin"): null

2020-09-28 07:13:02 - [TEST_STEP][PASSED] - if (permission == "Full editor"): null

2020-09-28 07:13:02 - [TEST_STEP][PASSED] - if (permission == "Basic editor"): null

2020-09-28 07:13:02 - [TEST_STEP][PASSED] - verifyElementPresent(findTestObject("V2/Commons/DasboardPage_SidebarMenu/MeetingsMenu"), DefaultTimeout): Object 'Object Repository/V2/Commons/DasboardPage_SidebarMenu/MeetingsMenu' is present

2020-09-28 07:13:02 - [MESSAGE][PASSED] - Object 'Object Repository/V2/Commons/DasboardPage_SidebarMenu/MeetingsMenu' is present

2020-09-28 07:13:02 - [TEST_STEP][PASSED] - click(findTestObject("V2/Commons/DasboardPage_SidebarMenu/MeetingsMenu")): Object: 'Object Repository/V2/Commons/DasboardPage_SidebarMenu/MeetingsMenu' is clicked on

2020-09-28 07:13:02 - [MESSAGE][PASSED] - Object: 'Object Repository/V2/Commons/DasboardPage_SidebarMenu/MeetingsMenu' is clicked on

2020-09-28 07:13:02 - [TEST_STEP][PASSED] - waitForElementNotPresent(findTestObject("V2/Commons/EditMeetingPage/AddAttendeeSuccessNotif"), DefaultTimeout): Web element with id: 'Object Repository/V2/Commons/EditMeetingPage/AddAttendeeSuccessNotif' located by 'By.xpath: //h3[text()='New attendee added!']' is not present after '60' second(s)

2020-09-28 07:13:05 - [MESSAGE][PASSED] - Web element with id: 'Object Repository/V2/Commons/EditMeetingPage/AddAttendeeSuccessNotif' located by 'By.xpath: //h3[text()='New attendee added!']' is not present after '60' second(s)

2020-09-28 07:13:05 - [MESSAGE][PASSED] - Call Test Case 'Test Cases/V2/Test Case/Pre-conditions/PRE_AddAllAttendeesToMeeting' successfully

2020-09-28 07:13:05 - [TEST_STEP][PASSED] - callTestCase(findTestCase("V2/Test Case/Tests/TT-238 - VTO/Test Cases/Positive/Admin/TT_238_1_InputCompanyName_Admin"), ["meetingName":"", "meetingAcronym":"", "meetingType":"", "dropdownOptions_obj":"//div[@id='CREATE_MEETING_L10']//span[text()='%s']/parent::div[@role='option']", ... ], STOP_ON_FAILURE): Call Test Case 'Test Cases/V2/Test Case/Tests/TT-238 - VTO/Test Cases/Positive/Admin/TT_238_1_InputCompanyName_Admin' successfully

2020-09-28 07:13:05 - [TEST_CASE][PASSED] - Test Cases/V2/Test Case/Tests/TT-238 - VTO/Test Cases/Positive/Admin/TT_238_1_InputCompanyName_Admin: Test Cases/V2/Test Case/Tests/TT-238 - VTO/Test Cases/Positive/Admin/TT_238_1_InputCompanyName_Admin

2020-09-28 07:13:06 - [TEST_STEP][PASSED] - waitForElementVisible(findTestObject("V2/TT-238/VTO"), DefaultTimeout): Object 'Object Repository/V2/TT-238/VTO' is visible

2020-09-28 07:13:06 - [MESSAGE][PASSED] - Object 'Object Repository/V2/TT-238/VTO' is visible

2020-09-28 07:13:06 - [TEST_STEP][PASSED] - click(findTestObject("V2/TT-238/VTO")): Object: 'Object Repository/V2/TT-238/VTO' is clicked on

2020-09-28 07:13:06 - [MESSAGE][PASSED] - Object: 'Object Repository/V2/TT-238/VTO' is clicked on

2020-09-28 07:13:06 - [TEST_STEP][PASSED] - waitForElementVisible(findTestObject("V2/TT-238/VTO_NameTitle"), DefaultTimeout): Object 'Object Repository/V2/TT-238/VTO_NameTitle' is visible

2020-09-28 07:13:09 - [MESSAGE][PASSED] - Object 'Object Repository/V2/TT-238/VTO_NameTitle' is visible

2020-09-28 07:13:09 - [TEST_STEP][PASSED] - click(findTestObject("V2/TT-238/VTO_NameTitle")): Object: 'Object Repository/V2/TT-238/VTO_NameTitle' is clicked on

2020-09-28 07:13:09 - [MESSAGE][PASSED] - Object: 'Object Repository/V2/TT-238/VTO_NameTitle' is clicked on

2020-09-28 07:13:09 - [TEST_STEP][PASSED] - clearText(findTestObject("V2/TT-238/VTO_NameTitle"), STOP_ON_FAILURE): Text of object 'Object Repository/V2/TT-238/VTO_NameTitle' is cleared

2020-09-28 07:13:09 - [MESSAGE][PASSED] - Text of object 'Object Repository/V2/TT-238/VTO_NameTitle' is cleared

2020-09-28 07:13:09 - [TEST_STEP][PASSED] - sendKeys(findTestObject("V2/TT-238/VTO_NameTitle"), "Sample"): Keys 'Sample' sent to object: 'Object Repository/V2/TT-238/VTO_NameTitle'

2020-09-28 07:13:09 - [MESSAGE][PASSED] - Keys 'Sample' sent to object: 'Object Repository/V2/TT-238/VTO_NameTitle'

2020-09-28 07:13:09 - [TEST_STEP][PASSED] - delay(5): Delayed 5 second(s)

2020-09-28 07:13:14 - [MESSAGE][PASSED] - Delayed 5 second(s)

2020-09-28 07:13:14 - [MESSAGE][PASSED] - Call Test Case 'Test Cases/V2/Test Case/Tests/TT-238 - VTO/Test Cases/Positive/Admin/TT_238_1_InputCompanyName_Admin' successfully

2020-09-28 07:13:14 - [TEST_STEP][PASSED] - changeWebDriver(driver2): null

2020-09-28 07:13:14 - [TEST_STEP][PASSED] - callTestCase(findTestCase("V2/Test Case/Tests/TT-238 - VTO/Test Cases/Positive/Supervisor/TT_238_1_InputCompanyName_Supervisor"), ["meetingName":"", "meetingAcronym":"", "meetingType":"", "dropdownOptions_obj":"//div[@id='CREATE_MEETING_L10']//span[text()='%s']/parent::div[@role='option']", ... ], STOP_ON_FAILURE): Call Test Case 'Test Cases/V2/Test Case/Tests/TT-238 - VTO/Test Cases/Positive/Supervisor/TT_238_1_InputCompanyName_Supervisor' successfully

2020-09-28 07:13:14 - [TEST_CASE][PASSED] - Test Cases/V2/Test Case/Tests/TT-238 - VTO/Test Cases/Positive/Supervisor/TT_238_1_InputCompanyName_Supervisor: Test Cases/V2/Test Case/Tests/TT-238 - VTO/Test Cases/Positive/Supervisor/TT_238_1_InputCompanyName_Supervisor

2020-09-28 07:13:14 - [TEST_STEP][PASSED] - waitForElementVisible(findTestObject("V2/TT-238/VTO"), DefaultTimeout): Object 'Object Repository/V2/TT-238/VTO' is visible

2020-09-28 07:13:14 - [MESSAGE][PASSED] - Object 'Object Repository/V2/TT-238/VTO' is visible

2020-09-28 07:13:14 - [TEST_STEP][PASSED] - click(findTestObject("V2/TT-238/VTO")): Object: 'Object Repository/V2/TT-238/VTO' is clicked on

2020-09-28 07:13:14 - [MESSAGE][PASSED] - Object: 'Object Repository/V2/TT-238/VTO' is clicked on

2020-09-28 07:13:14 - [TEST_STEP][PASSED] - waitForElementVisible(findTestObject("V2/TT-238/VTO_NameTitle"), DefaultTimeout): Object 'Object Repository/V2/TT-238/VTO_NameTitle' is visible

2020-09-28 07:13:19 - [MESSAGE][PASSED] - Object 'Object Repository/V2/TT-238/VTO_NameTitle' is visible

2020-09-28 07:13:19 - [TEST_STEP][PASSED] - click(findTestObject("V2/TT-238/VTO_NameTitle")): Object: 'Object Repository/V2/TT-238/VTO_NameTitle' is clicked on

2020-09-28 07:13:19 - [MESSAGE][PASSED] - Object: 'Object Repository/V2/TT-238/VTO_NameTitle' is clicked on

2020-09-28 07:13:19 - [TEST_STEP][PASSED] - clearText(findTestObject("V2/TT-238/VTO_NameTitle"), STOP_ON_FAILURE): Text of object 'Object Repository/V2/TT-238/VTO_NameTitle' is cleared

2020-09-28 07:13:19 - [MESSAGE][PASSED] - Text of object 'Object Repository/V2/TT-238/VTO_NameTitle' is cleared

2020-09-28 07:13:19 - [TEST_STEP][PASSED] - sendKeys(findTestObject("V2/TT-238/VTO_NameTitle"), "Sample"): Keys 'Sample' sent to object: 'Object Repository/V2/TT-238/VTO_NameTitle'

2020-09-28 07:13:19 - [MESSAGE][PASSED] - Keys 'Sample' sent to object: 'Object Repository/V2/TT-238/VTO_NameTitle'

2020-09-28 07:13:19 - [TEST_STEP][PASSED] - delay(5): Delayed 5 second(s)

2020-09-28 07:13:24 - [MESSAGE][PASSED] - Delayed 5 second(s)

2020-09-28 07:13:24 - [MESSAGE][PASSED] - Call Test Case 'Test Cases/V2/Test Case/Tests/TT-238 - VTO/Test Cases/Positive/Supervisor/TT_238_1_InputCompanyName_Supervisor' successfully

2020-09-28 07:13:24 - [TEST_STEP][PASSED] - changeWebDriver(driver3): null

2020-09-28 07:13:24 - [TEST_STEP][FAILED] - callTestCase(findTestCase("V2/Test Case/Tests/TT-238 - VTO/Test Cases/Positive/Employee/TT_238_1_InputCompanyName_Employee"), ["meetingName":"", "meetingAcronym":"", "meetingType":"", "dropdownOptions_obj":"//div[@id='CREATE_MEETING_L10']//span[text()='%s']/parent::div[@role='option']", ... ], STOP_ON_FAILURE): Unable to call Test Case 'Test Cases/V2/Test Case/Tests/TT-238 - VTO/Test Cases/Positive/Employee/TT_238_1_InputCompanyName_Employee' (Root cause: com.kms.katalon.core.exception.StepFailedException: Call Test Case 'Test Cases/V2/Test Case/Tests/TT-238 - VTO/Test Cases/Positive/Employee/TT_238_1_InputCompanyName_Employee' failed
	at com.kms.katalon.core.keyword.builtin.CallTestCaseKeyword$_callTestCase_closure1.doCall(CallTestCaseKeyword.groovy:63)
	at com.kms.katalon.core.keyword.builtin.CallTestCaseKeyword$_callTestCase_closure1.call(CallTestCaseKeyword.groovy)
	at com.kms.katalon.core.keyword.internal.KeywordMain.runKeyword(KeywordMain.groovy:68)
	at com.kms.katalon.core.keyword.builtin.CallTestCaseKeyword.callTestCase(CallTestCaseKeyword.groovy:81)
	at com.kms.katalon.core.keyword.builtin.CallTestCaseKeyword.execute(CallTestCaseKeyword.groovy:44)
	at com.kms.katalon.core.keyword.internal.KeywordExecutor.executeKeywordForPlatform(KeywordExecutor.groovy:73)
	at com.kms.katalon.core.keyword.BuiltinKeywords.callTestCase(BuiltinKeywords.groovy:334)
	at TT_369_1_CreateScorecard_AllTestCase.run(TT_369_1_CreateScorecard_AllTestCase:114)
	at com.kms.katalon.core.main.ScriptEngine.run(ScriptEngine.java:194)
	at com.kms.katalon.core.main.ScriptEngine.runScriptAsRawText(ScriptEngine.java:119)
	at com.kms.katalon.core.main.TestCaseExecutor.runScript(TestCaseExecutor.java:339)
	at com.kms.katalon.core.main.TestCaseExecutor.doExecute(TestCaseExecutor.java:330)
	at com.kms.katalon.core.main.TestCaseExecutor.processExecutionPhase(TestCaseExecutor.java:309)
	at com.kms.katalon.core.main.TestCaseExecutor.accessMainPhase(TestCaseExecutor.java:301)
	at com.kms.katalon.core.main.TestCaseExecutor.execute(TestCaseExecutor.java:235)
	at com.kms.katalon.core.main.TestSuiteExecutor.accessTestCaseMainPhase(TestSuiteExecutor.java:191)
	at com.kms.katalon.core.main.TestSuiteExecutor.accessTestSuiteMainPhase(TestSuiteExecutor.java:141)
	at com.kms.katalon.core.main.TestSuiteExecutor.execute(TestSuiteExecutor.java:90)
	at com.kms.katalon.core.main.TestCaseMain.startTestSuite(TestCaseMain.java:157)
	at com.kms.katalon.core.main.TestCaseMain$startTestSuite$0.call(Unknown Source)
	at TempTestSuite1601248205529.run(TempTestSuite1601248205529.groovy:39)
Caused by: com.kms.katalon.core.exception.StepFailedException: Text did not match. 
 Actual: vtoInput__control
 Expected: disabled
	at com.kms.katalon.core.util.KeywordUtil.markFailed(KeywordUtil.java:19)
	at com.kms.katalon.core.util.KeywordUtil$markFailed$1.call(Unknown Source)
	at tt_CustomKeywords.CustomKeywords.VerifyTextContains(CustomKeywords.groovy:58)
	at tt_CustomKeywords.CustomKeywords.invokeMethod(CustomKeywords.groovy)
	at com.kms.katalon.core.main.CustomKeywordDelegatingMetaClass.invokeStaticMethod(CustomKeywordDelegatingMetaClass.java:50)
	at TT_238_1_InputCompanyName_Employee.run(TT_238_1_InputCompanyName_Employee:28)
	at com.kms.katalon.core.main.ScriptEngine.run(ScriptEngine.java:194)
	at com.kms.katalon.core.main.ScriptEngine.runScriptAsRawText(ScriptEngine.java:119)
	at com.kms.katalon.core.main.TestCaseExecutor.runScript(TestCaseExecutor.java:339)
	at com.kms.katalon.core.main.TestCaseExecutor.doExecute(TestCaseExecutor.java:330)
	at com.kms.katalon.core.main.TestCaseExecutor.processExecutionPhase(TestCaseExecutor.java:309)
	at com.kms.katalon.core.main.TestCaseExecutor.accessMainPhase(TestCaseExecutor.java:301)
	at com.kms.katalon.core.main.TestCaseExecutor.execute(TestCaseExecutor.java:235)
	at com.kms.katalon.core.main.TestCaseMain.runTestCase(TestCaseMain.java:114)
	at com.kms.katalon.core.keyword.builtin.CallTestCaseKeyword$_callTestCase_closure1.doCall(CallTestCaseKeyword.groovy:59)
	... 20 more
)

2020-09-28 07:13:24 - [TEST_CASE][FAILED] - Test Cases/V2/Test Case/Tests/TT-238 - VTO/Test Cases/Positive/Employee/TT_238_1_InputCompanyName_Employee: Test Cases/V2/Test Case/Tests/TT-238 - VTO/Test Cases/Positive/Employee/TT_238_1_InputCompanyName_Employee FAILED.
Reason:
com.kms.katalon.core.exception.StepFailedException: Text did not match. 
 Actual: vtoInput__control
 Expected: disabled
	at com.kms.katalon.core.util.KeywordUtil.markFailed(KeywordUtil.java:19)
	at com.kms.katalon.core.util.KeywordUtil$markFailed$1.call(Unknown Source)
	at tt_CustomKeywords.CustomKeywords.VerifyTextContains(CustomKeywords.groovy:58)
	at tt_CustomKeywords.CustomKeywords.invokeMethod(CustomKeywords.groovy)
	at com.kms.katalon.core.main.CustomKeywordDelegatingMetaClass.invokeStaticMethod(CustomKeywordDelegatingMetaClass.java:50)
	at TT_238_1_InputCompanyName_Employee.run(TT_238_1_InputCompanyName_Employee:28)
	at com.kms.katalon.core.main.ScriptEngine.run(ScriptEngine.java:194)
	at com.kms.katalon.core.main.ScriptEngine.runScriptAsRawText(ScriptEngine.java:119)
	at com.kms.katalon.core.main.TestCaseExecutor.runScript(TestCaseExecutor.java:339)
	at com.kms.katalon.core.main.TestCaseExecutor.doExecute(TestCaseExecutor.java:330)
	at com.kms.katalon.core.main.TestCaseExecutor.processExecutionPhase(TestCaseExecutor.java:309)
	at com.kms.katalon.core.main.TestCaseExecutor.accessMainPhase(TestCaseExecutor.java:301)
	at com.kms.katalon.core.main.TestCaseExecutor.execute(TestCaseExecutor.java:235)
	at com.kms.katalon.core.main.TestCaseMain.runTestCase(TestCaseMain.java:114)
	at com.kms.katalon.core.keyword.builtin.CallTestCaseKeyword$_callTestCase_closure1.doCall(CallTestCaseKeyword.groovy:59)
	at com.kms.katalon.core.keyword.builtin.CallTestCaseKeyword$_callTestCase_closure1.call(CallTestCaseKeyword.groovy)
	at com.kms.katalon.core.keyword.internal.KeywordMain.runKeyword(KeywordMain.groovy:68)
	at com.kms.katalon.core.keyword.builtin.CallTestCaseKeyword.callTestCase(CallTestCaseKeyword.groovy:81)
	at com.kms.katalon.core.keyword.builtin.CallTestCaseKeyword.execute(CallTestCaseKeyword.groovy:44)
	at com.kms.katalon.core.keyword.internal.KeywordExecutor.executeKeywordForPlatform(KeywordExecutor.groovy:73)
	at com.kms.katalon.core.keyword.BuiltinKeywords.callTestCase(BuiltinKeywords.groovy:334)
	at TT_369_1_CreateScorecard_AllTestCase.run(TT_369_1_CreateScorecard_AllTestCase:114)
	at com.kms.katalon.core.main.ScriptEngine.run(ScriptEngine.java:194)
	at com.kms.katalon.core.main.ScriptEngine.runScriptAsRawText(ScriptEngine.java:119)
	at com.kms.katalon.core.main.TestCaseExecutor.runScript(TestCaseExecutor.java:339)
	at com.kms.katalon.core.main.TestCaseExecutor.doExecute(TestCaseExecutor.java:330)
	at com.kms.katalon.core.main.TestCaseExecutor.processExecutionPhase(TestCaseExecutor.java:309)
	at com.kms.katalon.core.main.TestCaseExecutor.accessMainPhase(TestCaseExecutor.java:301)
	at com.kms.katalon.core.main.TestCaseExecutor.execute(TestCaseExecutor.java:235)
	at com.kms.katalon.core.main.TestSuiteExecutor.accessTestCaseMainPhase(TestSuiteExecutor.java:191)
	at com.kms.katalon.core.main.TestSuiteExecutor.accessTestSuiteMainPhase(TestSuiteExecutor.java:141)
	at com.kms.katalon.core.main.TestSuiteExecutor.execute(TestSuiteExecutor.java:90)
	at com.kms.katalon.core.main.TestCaseMain.startTestSuite(TestCaseMain.java:157)
	at com.kms.katalon.core.main.TestCaseMain$startTestSuite$0.call(Unknown Source)
	at TempTestSuite1601248205529.run(TempTestSuite1601248205529.groovy:39)


2020-09-28 07:13:24 - [TEST_STEP][PASSED] - waitForElementVisible(findTestObject("V2/TT-238/VTO"), DefaultTimeout): Object 'Object Repository/V2/TT-238/VTO' is visible

2020-09-28 07:13:24 - [MESSAGE][PASSED] - Object 'Object Repository/V2/TT-238/VTO' is visible

2020-09-28 07:13:24 - [TEST_STEP][PASSED] - click(findTestObject("V2/TT-238/VTO")): Object: 'Object Repository/V2/TT-238/VTO' is clicked on

2020-09-28 07:13:24 - [MESSAGE][PASSED] - Object: 'Object Repository/V2/TT-238/VTO' is clicked on

2020-09-28 07:13:24 - [TEST_STEP][PASSED] - waitForElementVisible(findTestObject("V2/TT-238/VTO_NameTitle"), DefaultTimeout): Object 'Object Repository/V2/TT-238/VTO_NameTitle' is visible

2020-09-28 07:13:26 - [MESSAGE][PASSED] - Object 'Object Repository/V2/TT-238/VTO_NameTitle' is visible

2020-09-28 07:13:26 - [TEST_STEP][PASSED] - A_nameTitle = getAttribute(findTestObject("V2/TT-238/VTO_NameTitle"), "class"): Attribute 'class' of object 'Object Repository/V2/TT-238/VTO_NameTitle' is: 'vtoInput__control'

2020-09-28 07:13:26 - [MESSAGE][PASSED] - Attribute 'class' of object 'Object Repository/V2/TT-238/VTO_NameTitle' is: 'vtoInput__control'

2020-09-28 07:13:26 - [TEST_STEP][FAILED] - tt_CustomKeywords.CustomKeywords.VerifyTextContains(A_nameTitle, "disabled"): com.kms.katalon.core.exception.StepFailedException: Text did not match. 
 Actual: vtoInput__control
 Expected: disabled

2020-09-28 07:13:26 - [MESSAGE][FAILED] - Text did not match. 
 Actual: vtoInput__control
 Expected: disabled

2020-09-28 07:13:26 - [MESSAGE][FAILED] - com.kms.katalon.core.exception.StepFailedException: Text did not match. 
 Actual: vtoInput__control
 Expected: disabled

2020-09-28 07:13:26 - [TEST_STEP][PASSED] - delay(5): Delayed 5 second(s)

2020-09-28 07:13:31 - [MESSAGE][PASSED] - Delayed 5 second(s)

2020-09-28 07:13:31 - [MESSAGE][FAILED] - Unable to call Test Case 'Test Cases/V2/Test Case/Tests/TT-238 - VTO/Test Cases/Positive/Employee/TT_238_1_InputCompanyName_Employee' (Root cause: com.kms.katalon.core.exception.StepFailedException: Call Test Case 'Test Cases/V2/Test Case/Tests/TT-238 - VTO/Test Cases/Positive/Employee/TT_238_1_InputCompanyName_Employee' failed
	at com.kms.katalon.core.keyword.builtin.CallTestCaseKeyword$_callTestCase_closure1.doCall(CallTestCaseKeyword.groovy:63)
	at com.kms.katalon.core.keyword.builtin.CallTestCaseKeyword$_callTestCase_closure1.call(CallTestCaseKeyword.groovy)
	at com.kms.katalon.core.keyword.internal.KeywordMain.runKeyword(KeywordMain.groovy:68)
	at com.kms.katalon.core.keyword.builtin.CallTestCaseKeyword.callTestCase(CallTestCaseKeyword.groovy:81)
	at com.kms.katalon.core.keyword.builtin.CallTestCaseKeyword.execute(CallTestCaseKeyword.groovy:44)
	at com.kms.katalon.core.keyword.internal.KeywordExecutor.executeKeywordForPlatform(KeywordExecutor.groovy:73)
	at com.kms.katalon.core.keyword.BuiltinKeywords.callTestCase(BuiltinKeywords.groovy:334)
	at TT_369_1_CreateScorecard_AllTestCase.run(TT_369_1_CreateScorecard_AllTestCase:114)
	at com.kms.katalon.core.main.ScriptEngine.run(ScriptEngine.java:194)
	at com.kms.katalon.core.main.ScriptEngine.runScriptAsRawText(ScriptEngine.java:119)
	at com.kms.katalon.core.main.TestCaseExecutor.runScript(TestCaseExecutor.java:339)
	at com.kms.katalon.core.main.TestCaseExecutor.doExecute(TestCaseExecutor.java:330)
	at com.kms.katalon.core.main.TestCaseExecutor.processExecutionPhase(TestCaseExecutor.java:309)
	at com.kms.katalon.core.main.TestCaseExecutor.accessMainPhase(TestCaseExecutor.java:301)
	at com.kms.katalon.core.main.TestCaseExecutor.execute(TestCaseExecutor.java:235)
	at com.kms.katalon.core.main.TestSuiteExecutor.accessTestCaseMainPhase(TestSuiteExecutor.java:191)
	at com.kms.katalon.core.main.TestSuiteExecutor.accessTestSuiteMainPhase(TestSuiteExecutor.java:141)
	at com.kms.katalon.core.main.TestSuiteExecutor.execute(TestSuiteExecutor.java:90)
	at com.kms.katalon.core.main.TestCaseMain.startTestSuite(TestCaseMain.java:157)
	at com.kms.katalon.core.main.TestCaseMain$startTestSuite$0.call(Unknown Source)
	at TempTestSuite1601248205529.run(TempTestSuite1601248205529.groovy:39)
Caused by: com.kms.katalon.core.exception.StepFailedException: Text did not match. 
 Actual: vtoInput__control
 Expected: disabled
	at com.kms.katalon.core.util.KeywordUtil.markFailed(KeywordUtil.java:19)
	at com.kms.katalon.core.util.KeywordUtil$markFailed$1.call(Unknown Source)
	at tt_CustomKeywords.CustomKeywords.VerifyTextContains(CustomKeywords.groovy:58)
	at tt_CustomKeywords.CustomKeywords.invokeMethod(CustomKeywords.groovy)
	at com.kms.katalon.core.main.CustomKeywordDelegatingMetaClass.invokeStaticMethod(CustomKeywordDelegatingMetaClass.java:50)
	at TT_238_1_InputCompanyName_Employee.run(TT_238_1_InputCompanyName_Employee:28)
	at com.kms.katalon.core.main.ScriptEngine.run(ScriptEngine.java:194)
	at com.kms.katalon.core.main.ScriptEngine.runScriptAsRawText(ScriptEngine.java:119)
	at com.kms.katalon.core.main.TestCaseExecutor.runScript(TestCaseExecutor.java:339)
	at com.kms.katalon.core.main.TestCaseExecutor.doExecute(TestCaseExecutor.java:330)
	at com.kms.katalon.core.main.TestCaseExecutor.processExecutionPhase(TestCaseExecutor.java:309)
	at com.kms.katalon.core.main.TestCaseExecutor.accessMainPhase(TestCaseExecutor.java:301)
	at com.kms.katalon.core.main.TestCaseExecutor.execute(TestCaseExecutor.java:235)
	at com.kms.katalon.core.main.TestCaseMain.runTestCase(TestCaseMain.java:114)
	at com.kms.katalon.core.keyword.builtin.CallTestCaseKeyword$_callTestCase_closure1.doCall(CallTestCaseKeyword.groovy:59)
	... 20 more
)]]></system-out>
         <system-err><![CDATA[2020-09-28 07:10:07 - [TEST_CASE][FAILED] - Test Cases/V2/Test Case/Tests/TT-238 - VTO/Test Cases/Positive/TT_369_1_CreateScorecard_AllTestCase: Test Cases/V2/Test Case/Tests/TT-238 - VTO/Test Cases/Positive/TT_369_1_CreateScorecard_AllTestCase FAILED.
Reason:
com.kms.katalon.core.exception.StepFailedException: Call Test Case 'Test Cases/V2/Test Case/Tests/TT-238 - VTO/Test Cases/Positive/Employee/TT_238_1_InputCompanyName_Employee' failed
	at com.kms.katalon.core.keyword.builtin.CallTestCaseKeyword$_callTestCase_closure1.doCall(CallTestCaseKeyword.groovy:63)
	at com.kms.katalon.core.keyword.builtin.CallTestCaseKeyword$_callTestCase_closure1.call(CallTestCaseKeyword.groovy)
	at com.kms.katalon.core.keyword.internal.KeywordMain.runKeyword(KeywordMain.groovy:68)
	at com.kms.katalon.core.keyword.builtin.CallTestCaseKeyword.callTestCase(CallTestCaseKeyword.groovy:81)
	at com.kms.katalon.core.keyword.builtin.CallTestCaseKeyword.execute(CallTestCaseKeyword.groovy:44)
	at com.kms.katalon.core.keyword.internal.KeywordExecutor.executeKeywordForPlatform(KeywordExecutor.groovy:73)
	at com.kms.katalon.core.keyword.BuiltinKeywords.callTestCase(BuiltinKeywords.groovy:334)
	at TT_369_1_CreateScorecard_AllTestCase.run(TT_369_1_CreateScorecard_AllTestCase:114)
	at com.kms.katalon.core.main.ScriptEngine.run(ScriptEngine.java:194)
	at com.kms.katalon.core.main.ScriptEngine.runScriptAsRawText(ScriptEngine.java:119)
	at com.kms.katalon.core.main.TestCaseExecutor.runScript(TestCaseExecutor.java:339)
	at com.kms.katalon.core.main.TestCaseExecutor.doExecute(TestCaseExecutor.java:330)
	at com.kms.katalon.core.main.TestCaseExecutor.processExecutionPhase(TestCaseExecutor.java:309)
	at com.kms.katalon.core.main.TestCaseExecutor.accessMainPhase(TestCaseExecutor.java:301)
	at com.kms.katalon.core.main.TestCaseExecutor.execute(TestCaseExecutor.java:235)
	at com.kms.katalon.core.main.TestSuiteExecutor.accessTestCaseMainPhase(TestSuiteExecutor.java:191)
	at com.kms.katalon.core.main.TestSuiteExecutor.accessTestSuiteMainPhase(TestSuiteExecutor.java:141)
	at com.kms.katalon.core.main.TestSuiteExecutor.execute(TestSuiteExecutor.java:90)
	at com.kms.katalon.core.main.TestCaseMain.startTestSuite(TestCaseMain.java:157)
	at com.kms.katalon.core.main.TestCaseMain$startTestSuite$0.call(Unknown Source)
	at TempTestSuite1601248205529.run(TempTestSuite1601248205529.groovy:39)
Caused by: com.kms.katalon.core.exception.StepFailedException: Text did not match. 
 Actual: vtoInput__control
 Expected: disabled
	at com.kms.katalon.core.util.KeywordUtil.markFailed(KeywordUtil.java:19)
	at com.kms.katalon.core.util.KeywordUtil$markFailed$1.call(Unknown Source)
	at tt_CustomKeywords.CustomKeywords.VerifyTextContains(CustomKeywords.groovy:58)
	at tt_CustomKeywords.CustomKeywords.invokeMethod(CustomKeywords.groovy)
	at com.kms.katalon.core.main.CustomKeywordDelegatingMetaClass.invokeStaticMethod(CustomKeywordDelegatingMetaClass.java:50)
	at TT_238_1_InputCompanyName_Employee.run(TT_238_1_InputCompanyName_Employee:28)
	at com.kms.katalon.core.main.ScriptEngine.run(ScriptEngine.java:194)
	at com.kms.katalon.core.main.ScriptEngine.runScriptAsRawText(ScriptEngine.java:119)
	at com.kms.katalon.core.main.TestCaseExecutor.runScript(TestCaseExecutor.java:339)
	at com.kms.katalon.core.main.TestCaseExecutor.doExecute(TestCaseExecutor.java:330)
	at com.kms.katalon.core.main.TestCaseExecutor.processExecutionPhase(TestCaseExecutor.java:309)
	at com.kms.katalon.core.main.TestCaseExecutor.accessMainPhase(TestCaseExecutor.java:301)
	at com.kms.katalon.core.main.TestCaseExecutor.execute(TestCaseExecutor.java:235)
	at com.kms.katalon.core.main.TestCaseMain.runTestCase(TestCaseMain.java:114)
	at com.kms.katalon.core.keyword.builtin.CallTestCaseKeyword$_callTestCase_closure1.doCall(CallTestCaseKeyword.groovy:59)
	... 20 more]]></system-err>
      </testcase>
      <system-out><![CDATA[2020-09-28 07:10:06 - [TEST_SUITE][FAILED] - TT-238_TestSuite: Test Cases/V2/Test Case/Tests/TT-238 - VTO/Test Cases/Positive/TT_369_1_CreateScorecard_AllTestCase FAILED.
Reason:
com.kms.katalon.core.exception.StepFailedException: Call Test Case 'Test Cases/V2/Test Case/Tests/TT-238 - VTO/Test Cases/Positive/Employee/TT_238_1_InputCompanyName_Employee' failed
	at com.kms.katalon.core.keyword.builtin.CallTestCaseKeyword$_callTestCase_closure1.doCall(CallTestCaseKeyword.groovy:63)
	at com.kms.katalon.core.keyword.builtin.CallTestCaseKeyword$_callTestCase_closure1.call(CallTestCaseKeyword.groovy)
	at com.kms.katalon.core.keyword.internal.KeywordMain.runKeyword(KeywordMain.groovy:68)
	at com.kms.katalon.core.keyword.builtin.CallTestCaseKeyword.callTestCase(CallTestCaseKeyword.groovy:81)
	at com.kms.katalon.core.keyword.builtin.CallTestCaseKeyword.execute(CallTestCaseKeyword.groovy:44)
	at com.kms.katalon.core.keyword.internal.KeywordExecutor.executeKeywordForPlatform(KeywordExecutor.groovy:73)
	at com.kms.katalon.core.keyword.BuiltinKeywords.callTestCase(BuiltinKeywords.groovy:334)
	at TT_369_1_CreateScorecard_AllTestCase.run(TT_369_1_CreateScorecard_AllTestCase:114)
	at com.kms.katalon.core.main.ScriptEngine.run(ScriptEngine.java:194)
	at com.kms.katalon.core.main.ScriptEngine.runScriptAsRawText(ScriptEngine.java:119)
	at com.kms.katalon.core.main.TestCaseExecutor.runScript(TestCaseExecutor.java:339)
	at com.kms.katalon.core.main.TestCaseExecutor.doExecute(TestCaseExecutor.java:330)
	at com.kms.katalon.core.main.TestCaseExecutor.processExecutionPhase(TestCaseExecutor.java:309)
	at com.kms.katalon.core.main.TestCaseExecutor.accessMainPhase(TestCaseExecutor.java:301)
	at com.kms.katalon.core.main.TestCaseExecutor.execute(TestCaseExecutor.java:235)
	at com.kms.katalon.core.main.TestSuiteExecutor.accessTestCaseMainPhase(TestSuiteExecutor.java:191)
	at com.kms.katalon.core.main.TestSuiteExecutor.accessTestSuiteMainPhase(TestSuiteExecutor.java:141)
	at com.kms.katalon.core.main.TestSuiteExecutor.execute(TestSuiteExecutor.java:90)
	at com.kms.katalon.core.main.TestCaseMain.startTestSuite(TestCaseMain.java:157)
	at com.kms.katalon.core.main.TestCaseMain$startTestSuite$0.call(Unknown Source)
	at TempTestSuite1601248205529.run(TempTestSuite1601248205529.groovy:39)
Caused by: com.kms.katalon.core.exception.StepFailedException: Text did not match. 
 Actual: vtoInput__control
 Expected: disabled
	at com.kms.katalon.core.util.KeywordUtil.markFailed(KeywordUtil.java:19)
	at com.kms.katalon.core.util.KeywordUtil$markFailed$1.call(Unknown Source)
	at tt_CustomKeywords.CustomKeywords.VerifyTextContains(CustomKeywords.groovy:58)
	at tt_CustomKeywords.CustomKeywords.invokeMethod(CustomKeywords.groovy)
	at com.kms.katalon.core.main.CustomKeywordDelegatingMetaClass.invokeStaticMethod(CustomKeywordDelegatingMetaClass.java:50)
	at TT_238_1_InputCompanyName_Employee.run(TT_238_1_InputCompanyName_Employee:28)
	at com.kms.katalon.core.main.ScriptEngine.run(ScriptEngine.java:194)
	at com.kms.katalon.core.main.ScriptEngine.runScriptAsRawText(ScriptEngine.java:119)
	at com.kms.katalon.core.main.TestCaseExecutor.runScript(TestCaseExecutor.java:339)
	at com.kms.katalon.core.main.TestCaseExecutor.doExecute(TestCaseExecutor.java:330)
	at com.kms.katalon.core.main.TestCaseExecutor.processExecutionPhase(TestCaseExecutor.java:309)
	at com.kms.katalon.core.main.TestCaseExecutor.accessMainPhase(TestCaseExecutor.java:301)
	at com.kms.katalon.core.main.TestCaseExecutor.execute(TestCaseExecutor.java:235)
	at com.kms.katalon.core.main.TestCaseMain.runTestCase(TestCaseMain.java:114)
	at com.kms.katalon.core.keyword.builtin.CallTestCaseKeyword$_callTestCase_closure1.doCall(CallTestCaseKeyword.groovy:59)
	... 20 more]]></system-out>
      <system-err><![CDATA[2020-09-28 07:10:06 - [TEST_SUITE][FAILED] - TT-238_TestSuite: Test Cases/V2/Test Case/Tests/TT-238 - VTO/Test Cases/Positive/TT_369_1_CreateScorecard_AllTestCase FAILED.
Reason:
com.kms.katalon.core.exception.StepFailedException: Call Test Case 'Test Cases/V2/Test Case/Tests/TT-238 - VTO/Test Cases/Positive/Employee/TT_238_1_InputCompanyName_Employee' failed
	at com.kms.katalon.core.keyword.builtin.CallTestCaseKeyword$_callTestCase_closure1.doCall(CallTestCaseKeyword.groovy:63)
	at com.kms.katalon.core.keyword.builtin.CallTestCaseKeyword$_callTestCase_closure1.call(CallTestCaseKeyword.groovy)
	at com.kms.katalon.core.keyword.internal.KeywordMain.runKeyword(KeywordMain.groovy:68)
	at com.kms.katalon.core.keyword.builtin.CallTestCaseKeyword.callTestCase(CallTestCaseKeyword.groovy:81)
	at com.kms.katalon.core.keyword.builtin.CallTestCaseKeyword.execute(CallTestCaseKeyword.groovy:44)
	at com.kms.katalon.core.keyword.internal.KeywordExecutor.executeKeywordForPlatform(KeywordExecutor.groovy:73)
	at com.kms.katalon.core.keyword.BuiltinKeywords.callTestCase(BuiltinKeywords.groovy:334)
	at TT_369_1_CreateScorecard_AllTestCase.run(TT_369_1_CreateScorecard_AllTestCase:114)
	at com.kms.katalon.core.main.ScriptEngine.run(ScriptEngine.java:194)
	at com.kms.katalon.core.main.ScriptEngine.runScriptAsRawText(ScriptEngine.java:119)
	at com.kms.katalon.core.main.TestCaseExecutor.runScript(TestCaseExecutor.java:339)
	at com.kms.katalon.core.main.TestCaseExecutor.doExecute(TestCaseExecutor.java:330)
	at com.kms.katalon.core.main.TestCaseExecutor.processExecutionPhase(TestCaseExecutor.java:309)
	at com.kms.katalon.core.main.TestCaseExecutor.accessMainPhase(TestCaseExecutor.java:301)
	at com.kms.katalon.core.main.TestCaseExecutor.execute(TestCaseExecutor.java:235)
	at com.kms.katalon.core.main.TestSuiteExecutor.accessTestCaseMainPhase(TestSuiteExecutor.java:191)
	at com.kms.katalon.core.main.TestSuiteExecutor.accessTestSuiteMainPhase(TestSuiteExecutor.java:141)
	at com.kms.katalon.core.main.TestSuiteExecutor.execute(TestSuiteExecutor.java:90)
	at com.kms.katalon.core.main.TestCaseMain.startTestSuite(TestCaseMain.java:157)
	at com.kms.katalon.core.main.TestCaseMain$startTestSuite$0.call(Unknown Source)
	at TempTestSuite1601248205529.run(TempTestSuite1601248205529.groovy:39)
Caused by: com.kms.katalon.core.exception.StepFailedException: Text did not match. 
 Actual: vtoInput__control
 Expected: disabled
	at com.kms.katalon.core.util.KeywordUtil.markFailed(KeywordUtil.java:19)
	at com.kms.katalon.core.util.KeywordUtil$markFailed$1.call(Unknown Source)
	at tt_CustomKeywords.CustomKeywords.VerifyTextContains(CustomKeywords.groovy:58)
	at tt_CustomKeywords.CustomKeywords.invokeMethod(CustomKeywords.groovy)
	at com.kms.katalon.core.main.CustomKeywordDelegatingMetaClass.invokeStaticMethod(CustomKeywordDelegatingMetaClass.java:50)
	at TT_238_1_InputCompanyName_Employee.run(TT_238_1_InputCompanyName_Employee:28)
	at com.kms.katalon.core.main.ScriptEngine.run(ScriptEngine.java:194)
	at com.kms.katalon.core.main.ScriptEngine.runScriptAsRawText(ScriptEngine.java:119)
	at com.kms.katalon.core.main.TestCaseExecutor.runScript(TestCaseExecutor.java:339)
	at com.kms.katalon.core.main.TestCaseExecutor.doExecute(TestCaseExecutor.java:330)
	at com.kms.katalon.core.main.TestCaseExecutor.processExecutionPhase(TestCaseExecutor.java:309)
	at com.kms.katalon.core.main.TestCaseExecutor.accessMainPhase(TestCaseExecutor.java:301)
	at com.kms.katalon.core.main.TestCaseExecutor.execute(TestCaseExecutor.java:235)
	at com.kms.katalon.core.main.TestCaseMain.runTestCase(TestCaseMain.java:114)
	at com.kms.katalon.core.keyword.builtin.CallTestCaseKeyword$_callTestCase_closure1.doCall(CallTestCaseKeyword.groovy:59)
	... 20 more]]></system-err>
   </testsuite>
</testsuites>
